
*** Running vivado
    with args -log array_arith.vdi -applog -m64 -product Vivado -messageDb vivado.pb -mode batch -source array_arith.tcl -notrace


****** Vivado v2018.2 (64-bit)
  **** SW Build 2258646 on Thu Jun 14 20:03:12 MDT 2018
  **** IP Build 2256618 on Thu Jun 14 22:10:49 MDT 2018
    ** Copyright 1986-2018 Xilinx, Inc. All Rights Reserved.

source array_arith.tcl -notrace
Command: open_checkpoint D:/github/Digital-Hardware-Modelling/xilinx-vivado-hls/array_arith/proj_array_arith/solution1/impl/verilog/project.runs/impl_1/array_arith.dcp

Starting open_checkpoint Task

Time (s): cpu = 00:00:00 ; elapsed = 00:00:00.140 . Memory (MB): peak = 242.039 ; gain = 0.000
INFO: [Netlist 29-17] Analyzing 8 Unisim elements for replacement
INFO: [Netlist 29-28] Unisim Transformation completed in 0 CPU seconds
INFO: [Project 1-479] Netlist was created with Vivado 2018.2
INFO: [Device 21-403] Loading part xc7z010clg400-1
INFO: [Project 1-570] Preparing netlist for logic optimization
INFO: [Timing 38-478] Restoring timing data from binary archive.
INFO: [Timing 38-479] Binary timing data restore complete.
INFO: [Project 1-856] Restoring constraints from binary archive.
INFO: [Project 1-853] Binary constraint restore complete.
INFO: [Project 1-111] Unisim Transformation Summary:
No Unisim elements were transformed.

INFO: [Project 1-604] Checkpoint was created with Vivado v2018.2 (64-bit) build 2258646
open_checkpoint: Time (s): cpu = 00:01:25 ; elapsed = 00:01:32 . Memory (MB): peak = 1144.031 ; gain = 906.254
Command: opt_design
Attempting to get a license for feature 'Implementation' and/or device 'xc7z010'
INFO: [Common 17-349] Got license for feature 'Implementation' and/or device 'xc7z010'
Running DRC as a precondition to command opt_design

Starting DRC Task
INFO: [DRC 23-27] Running DRC with 2 threads
INFO: [Project 1-461] DRC finished with 0 Errors
INFO: [Project 1-462] Please refer to the DRC report (report_drc) for more information.

Time (s): cpu = 00:00:04 ; elapsed = 00:00:02 . Memory (MB): peak = 1145.824 ; gain = 1.793

Starting Cache Timing Information Task
Ending Cache Timing Information Task | Checksum: cedd737d

Time (s): cpu = 00:00:00 ; elapsed = 00:00:00.050 . Memory (MB): peak = 1145.824 ; gain = 0.000

Starting Logic Optimization Task

Phase 1 Retarget
INFO: [Opt 31-138] Pushed 0 inverter(s) to 0 load pin(s).
INFO: [Opt 31-49] Retargeted 0 cell(s).
Phase 1 Retarget | Checksum: cedd737d

Time (s): cpu = 00:00:00 ; elapsed = 00:00:00.358 . Memory (MB): peak = 1145.824 ; gain = 0.000
INFO: [Opt 31-389] Phase Retarget created 0 cells and removed 0 cells

Phase 2 Constant propagation
INFO: [Opt 31-138] Pushed 0 inverter(s) to 0 load pin(s).
Phase 2 Constant propagation | Checksum: cedd737d

Time (s): cpu = 00:00:00 ; elapsed = 00:00:00.372 . Memory (MB): peak = 1145.824 ; gain = 0.000
INFO: [Opt 31-389] Phase Constant propagation created 0 cells and removed 0 cells

Phase 3 Sweep
Phase 3 Sweep | Checksum: 14628e099

Time (s): cpu = 00:00:00 ; elapsed = 00:00:00.396 . Memory (MB): peak = 1145.824 ; gain = 0.000
INFO: [Opt 31-389] Phase Sweep created 0 cells and removed 0 cells

Phase 4 BUFG optimization
Phase 4 BUFG optimization | Checksum: 14628e099

Time (s): cpu = 00:00:00 ; elapsed = 00:00:00.403 . Memory (MB): peak = 1145.824 ; gain = 0.000
INFO: [Opt 31-662] Phase BUFG optimization created 0 cells of which 0 are BUFGs and removed 0 cells.

Phase 5 Shift Register Optimization
Phase 5 Shift Register Optimization | Checksum: 1121a7fdc

Time (s): cpu = 00:00:00 ; elapsed = 00:00:00.444 . Memory (MB): peak = 1145.824 ; gain = 0.000
INFO: [Opt 31-389] Phase Shift Register Optimization created 0 cells and removed 0 cells

Phase 6 Post Processing Netlist
Phase 6 Post Processing Netlist | Checksum: 1121a7fdc

Time (s): cpu = 00:00:00 ; elapsed = 00:00:00.449 . Memory (MB): peak = 1145.824 ; gain = 0.000
INFO: [Opt 31-389] Phase Post Processing Netlist created 0 cells and removed 0 cells

Starting Connectivity Check Task

Time (s): cpu = 00:00:00 ; elapsed = 00:00:00.002 . Memory (MB): peak = 1145.824 ; gain = 0.000
Ending Logic Optimization Task | Checksum: 1121a7fdc

Time (s): cpu = 00:00:00 ; elapsed = 00:00:00.456 . Memory (MB): peak = 1145.824 ; gain = 0.000

Starting Power Optimization Task
INFO: [Pwropt 34-132] Skipping clock gating for clocks with a period < 2.00 ns.
Ending Power Optimization Task | Checksum: 1121a7fdc

Time (s): cpu = 00:00:00 ; elapsed = 00:00:00.064 . Memory (MB): peak = 1145.824 ; gain = 0.000

Starting Final Cleanup Task
Ending Final Cleanup Task | Checksum: 1121a7fdc

Time (s): cpu = 00:00:00 ; elapsed = 00:00:00 . Memory (MB): peak = 1145.824 ; gain = 0.000
INFO: [Common 17-83] Releasing license: Implementation
26 Infos, 0 Warnings, 0 Critical Warnings and 0 Errors encountered.
opt_design completed successfully
INFO: [Timing 38-35] Done setting XDC timing constraints.
INFO: [Timing 38-480] Writing timing data to binary archive.
INFO: [Common 17-1381] The checkpoint 'D:/github/Digital-Hardware-Modelling/xilinx-vivado-hls/array_arith/proj_array_arith/solution1/impl/verilog/project.runs/impl_1/array_arith_opt.dcp' has been generated.
INFO: [runtcl-4] Executing : report_drc -file array_arith_drc_opted.rpt -pb array_arith_drc_opted.pb -rpx array_arith_drc_opted.rpx
Command: report_drc -file array_arith_drc_opted.rpt -pb array_arith_drc_opted.pb -rpx array_arith_drc_opted.rpx
INFO: [IP_Flow 19-234] Refreshing IP repositories
INFO: [IP_Flow 19-1704] No user IP repositories specified
INFO: [IP_Flow 19-2313] Loaded Vivado IP repository 'C:/Xilinx/Vivado/2018.2/data/ip'.
INFO: [DRC 23-27] Running DRC with 2 threads
INFO: [Coretcl 2-168] The results of DRC are in file D:/github/Digital-Hardware-Modelling/xilinx-vivado-hls/array_arith/proj_array_arith/solution1/impl/verilog/project.runs/impl_1/array_arith_drc_opted.rpt.
report_drc completed successfully
report_drc: Time (s): cpu = 00:00:12 ; elapsed = 00:00:11 . Memory (MB): peak = 1145.824 ; gain = 0.000
Command: place_design
Attempting to get a license for feature 'Implementation' and/or device 'xc7z010'
INFO: [Common 17-349] Got license for feature 'Implementation' and/or device 'xc7z010'
INFO: [DRC 23-27] Running DRC with 2 threads
INFO: [Vivado_Tcl 4-198] DRC finished with 0 Errors
INFO: [Vivado_Tcl 4-199] Please refer to the DRC report (report_drc) for more information.
Running DRC as a precondition to command place_design
INFO: [DRC 23-27] Running DRC with 2 threads
INFO: [Vivado_Tcl 4-198] DRC finished with 0 Errors
INFO: [Vivado_Tcl 4-199] Please refer to the DRC report (report_drc) for more information.

Starting Placer Task
INFO: [Place 30-611] Multithreading enabled for place_design using a maximum of 2 CPUs

Phase 1 Placer Initialization

Phase 1.1 Placer Initialization Netlist Sorting
Netlist sorting complete. Time (s): cpu = 00:00:00 ; elapsed = 00:00:00 . Memory (MB): peak = 1145.824 ; gain = 0.000
Phase 1.1 Placer Initialization Netlist Sorting | Checksum: 3be59856

Time (s): cpu = 00:00:01 ; elapsed = 00:00:00.042 . Memory (MB): peak = 1145.824 ; gain = 0.000
Netlist sorting complete. Time (s): cpu = 00:00:00 ; elapsed = 00:00:00 . Memory (MB): peak = 1145.824 ; gain = 0.000

Phase 1.2 IO Placement/ Clock Placement/ Build Placer Device
Phase 1.2 IO Placement/ Clock Placement/ Build Placer Device | Checksum: df736ce9

Time (s): cpu = 00:00:01 ; elapsed = 00:00:00.826 . Memory (MB): peak = 1145.824 ; gain = 0.000

Phase 1.3 Build Placer Netlist Model
Phase 1.3 Build Placer Netlist Model | Checksum: 1018da2fd

Time (s): cpu = 00:00:02 ; elapsed = 00:00:01 . Memory (MB): peak = 1145.824 ; gain = 0.000

Phase 1.4 Constrain Clocks/Macros
Phase 1.4 Constrain Clocks/Macros | Checksum: 1018da2fd

Time (s): cpu = 00:00:02 ; elapsed = 00:00:01 . Memory (MB): peak = 1145.824 ; gain = 0.000
Phase 1 Placer Initialization | Checksum: 1018da2fd

Time (s): cpu = 00:00:02 ; elapsed = 00:00:01 . Memory (MB): peak = 1145.824 ; gain = 0.000

Phase 2 Global Placement

Phase 2.1 Floorplanning
Phase 2.1 Floorplanning | Checksum: 186432b5d

Time (s): cpu = 00:00:02 ; elapsed = 00:00:02 . Memory (MB): peak = 1145.824 ; gain = 0.000

Phase 2.2 Physical Synthesis In Placer
INFO: [Physopt 32-65] No nets found for high-fanout optimization.
INFO: [Physopt 32-232] Optimized 0 net. Created 0 new instance.
INFO: [Physopt 32-775] End 1 Pass. Optimized 0 net or cell. Created 0 new cell, deleted 0 existing cell and moved 0 existing cell
Netlist sorting complete. Time (s): cpu = 00:00:00 ; elapsed = 00:00:00.001 . Memory (MB): peak = 1145.824 ; gain = 0.000

Summary of Physical Synthesis Optimizations
============================================


-----------------------------------------------------------------------------------------------------------------------------
|  Optimization       |  Added Cells  |  Removed Cells  |  Optimized Cells/Nets  |  Dont Touch  |  Iterations  |  Elapsed   |
-----------------------------------------------------------------------------------------------------------------------------
|  Very High Fanout   |            0  |              0  |                     0  |           0  |           1  |  00:00:00  |
|  Total              |            0  |              0  |                     0  |           0  |           1  |  00:00:00  |
-----------------------------------------------------------------------------------------------------------------------------


Phase 2.2 Physical Synthesis In Placer | Checksum: 11a737930

Time (s): cpu = 00:00:08 ; elapsed = 00:00:05 . Memory (MB): peak = 1145.824 ; gain = 0.000
Phase 2 Global Placement | Checksum: f19ca232

Time (s): cpu = 00:00:08 ; elapsed = 00:00:05 . Memory (MB): peak = 1145.824 ; gain = 0.000

Phase 3 Detail Placement

Phase 3.1 Commit Multi Column Macros
Phase 3.1 Commit Multi Column Macros | Checksum: f19ca232

Time (s): cpu = 00:00:08 ; elapsed = 00:00:05 . Memory (MB): peak = 1145.824 ; gain = 0.000

Phase 3.2 Commit Most Macros & LUTRAMs
Phase 3.2 Commit Most Macros & LUTRAMs | Checksum: 216c33414

Time (s): cpu = 00:00:08 ; elapsed = 00:00:05 . Memory (MB): peak = 1145.824 ; gain = 0.000

Phase 3.3 Area Swap Optimization
Phase 3.3 Area Swap Optimization | Checksum: 19f0dc9aa

Time (s): cpu = 00:00:08 ; elapsed = 00:00:05 . Memory (MB): peak = 1145.824 ; gain = 0.000

Phase 3.4 Pipeline Register Optimization
Phase 3.4 Pipeline Register Optimization | Checksum: 19f0dc9aa

Time (s): cpu = 00:00:08 ; elapsed = 00:00:05 . Memory (MB): peak = 1145.824 ; gain = 0.000

Phase 3.5 Small Shape Detail Placement
Phase 3.5 Small Shape Detail Placement | Checksum: 153a3eeaa

Time (s): cpu = 00:00:09 ; elapsed = 00:00:06 . Memory (MB): peak = 1145.824 ; gain = 0.000

Phase 3.6 Re-assign LUT pins
Phase 3.6 Re-assign LUT pins | Checksum: 1d56410a7

Time (s): cpu = 00:00:09 ; elapsed = 00:00:06 . Memory (MB): peak = 1145.824 ; gain = 0.000

Phase 3.7 Pipeline Register Optimization
Phase 3.7 Pipeline Register Optimization | Checksum: 1d56410a7

Time (s): cpu = 00:00:09 ; elapsed = 00:00:06 . Memory (MB): peak = 1145.824 ; gain = 0.000
Phase 3 Detail Placement | Checksum: 1d56410a7

Time (s): cpu = 00:00:09 ; elapsed = 00:00:06 . Memory (MB): peak = 1145.824 ; gain = 0.000

Phase 4 Post Placement Optimization and Clean-Up

Phase 4.1 Post Commit Optimization
INFO: [Timing 38-35] Done setting XDC timing constraints.

Phase 4.1.1 Post Placement Optimization
Post Placement Optimization Initialization | Checksum: 1be408d46

Phase 4.1.1.1 BUFG Insertion
INFO: [Place 46-31] BUFG insertion identified 0 candidate nets, 0 success, 0 skipped for placement/routing, 0 skipped for timing, 0 skipped for netlist change reason.
Phase 4.1.1.1 BUFG Insertion | Checksum: 1be408d46

Time (s): cpu = 00:00:09 ; elapsed = 00:00:06 . Memory (MB): peak = 1152.879 ; gain = 7.055
INFO: [Place 30-746] Post Placement Timing Summary WNS=1.162. For the most accurate timing information please run report_timing.
Phase 4.1.1 Post Placement Optimization | Checksum: 204a29248

Time (s): cpu = 00:00:09 ; elapsed = 00:00:06 . Memory (MB): peak = 1152.879 ; gain = 7.055
Phase 4.1 Post Commit Optimization | Checksum: 204a29248

Time (s): cpu = 00:00:09 ; elapsed = 00:00:06 . Memory (MB): peak = 1152.879 ; gain = 7.055

Phase 4.2 Post Placement Cleanup
Phase 4.2 Post Placement Cleanup | Checksum: 204a29248

Time (s): cpu = 00:00:09 ; elapsed = 00:00:06 . Memory (MB): peak = 1152.879 ; gain = 7.055

Phase 4.3 Placer Reporting
Phase 4.3 Placer Reporting | Checksum: 204a29248

Time (s): cpu = 00:00:09 ; elapsed = 00:00:06 . Memory (MB): peak = 1152.879 ; gain = 7.055

Phase 4.4 Final Placement Cleanup
Phase 4.4 Final Placement Cleanup | Checksum: 1a6b60411

Time (s): cpu = 00:00:09 ; elapsed = 00:00:06 . Memory (MB): peak = 1152.879 ; gain = 7.055
Phase 4 Post Placement Optimization and Clean-Up | Checksum: 1a6b60411

Time (s): cpu = 00:00:09 ; elapsed = 00:00:06 . Memory (MB): peak = 1152.879 ; gain = 7.055
Ending Placer Task | Checksum: 1037eadc6

Time (s): cpu = 00:00:09 ; elapsed = 00:00:06 . Memory (MB): peak = 1152.879 ; gain = 7.055
INFO: [Common 17-83] Releasing license: Implementation
50 Infos, 0 Warnings, 0 Critical Warnings and 0 Errors encountered.
place_design completed successfully
place_design: Time (s): cpu = 00:00:12 ; elapsed = 00:00:08 . Memory (MB): peak = 1152.879 ; gain = 7.055
INFO: [Timing 38-480] Writing timing data to binary archive.
Writing placer database...
Writing XDEF routing.
Writing XDEF routing logical nets.
Writing XDEF routing special nets.
Write XDEF Complete: Time (s): cpu = 00:00:00 ; elapsed = 00:00:00.298 . Memory (MB): peak = 1160.770 ; gain = 7.883
INFO: [Common 17-1381] The checkpoint 'D:/github/Digital-Hardware-Modelling/xilinx-vivado-hls/array_arith/proj_array_arith/solution1/impl/verilog/project.runs/impl_1/array_arith_placed.dcp' has been generated.
INFO: [runtcl-4] Executing : report_io -file array_arith_io_placed.rpt
report_io: Time (s): cpu = 00:00:01 ; elapsed = 00:00:00.085 . Memory (MB): peak = 1160.770 ; gain = 0.000
INFO: [runtcl-4] Executing : report_utilization -file array_arith_utilization_placed.rpt -pb array_arith_utilization_placed.pb
report_utilization: Time (s): cpu = 00:00:00 ; elapsed = 00:00:00.044 . Memory (MB): peak = 1160.770 ; gain = 0.000
INFO: [runtcl-4] Executing : report_control_sets -verbose -file array_arith_control_sets_placed.rpt
report_control_sets: Time (s): cpu = 00:00:00 ; elapsed = 00:00:00.003 . Memory (MB): peak = 1160.770 ; gain = 0.000
Command: phys_opt_design
Attempting to get a license for feature 'Implementation' and/or device 'xc7z010'
INFO: [Common 17-349] Got license for feature 'Implementation' and/or device 'xc7z010'
INFO: [Vivado_Tcl 4-383] Design worst setup slack (WNS) is greater than or equal to 0.250 ns. Skipping all physical synthesis optimizations.
INFO: [Vivado_Tcl 4-232] No setup violation found. The netlist was not modified.
INFO: [Common 17-83] Releasing license: Implementation
59 Infos, 0 Warnings, 0 Critical Warnings and 0 Errors encountered.
phys_opt_design completed successfully
INFO: [Timing 38-480] Writing timing data to binary archive.
Writing placer database...
Writing XDEF routing.
Writing XDEF routing logical nets.
Writing XDEF routing special nets.
Write XDEF Complete: Time (s): cpu = 00:00:00 ; elapsed = 00:00:00.117 . Memory (MB): peak = 1160.770 ; gain = 0.000
INFO: [Common 17-1381] The checkpoint 'D:/github/Digital-Hardware-Modelling/xilinx-vivado-hls/array_arith/proj_array_arith/solution1/impl/verilog/project.runs/impl_1/array_arith_physopt.dcp' has been generated.
Command: route_design
Attempting to get a license for feature 'Implementation' and/or device 'xc7z010'
INFO: [Common 17-349] Got license for feature 'Implementation' and/or device 'xc7z010'
Running DRC as a precondition to command route_design
INFO: [DRC 23-27] Running DRC with 2 threads
INFO: [Vivado_Tcl 4-198] DRC finished with 0 Errors
INFO: [Vivado_Tcl 4-199] Please refer to the DRC report (report_drc) for more information.


Starting Routing Task
INFO: [Route 35-254] Multithreading enabled for route_design using a maximum of 2 CPUs
Checksum: PlaceDB: 81f7cf14 ConstDB: 0 ShapeSum: 8186deb2 RouteDB: 0

Phase 1 Build RT Design
WARNING: [Route 35-198] Port "ap_start" does not have an associated HD.PARTPIN_LOCS, which will prevent the partial routing of the signal "ap_start". Without this partial route, timing analysis to/from this port will not be accurate, and no routing information for this port can be exported.
WARNING: [Route 35-197] Clock port "ap_clk" does not have an associated HD.CLK_SRC. Without this constraint, timing analysis may not be accurate and upstream checks cannot be done to ensure correct clock placement.
WARNING: [Route 35-198] Port "d_q0[12]" does not have an associated HD.PARTPIN_LOCS, which will prevent the partial routing of the signal "d_q0[12]". Without this partial route, timing analysis to/from this port will not be accurate, and no routing information for this port can be exported.
WARNING: [Route 35-198] Port "d_q0[13]" does not have an associated HD.PARTPIN_LOCS, which will prevent the partial routing of the signal "d_q0[13]". Without this partial route, timing analysis to/from this port will not be accurate, and no routing information for this port can be exported.
WARNING: [Route 35-198] Port "d_q0[14]" does not have an associated HD.PARTPIN_LOCS, which will prevent the partial routing of the signal "d_q0[14]". Without this partial route, timing analysis to/from this port will not be accurate, and no routing information for this port can be exported.
WARNING: [Route 35-198] Port "d_q0[15]" does not have an associated HD.PARTPIN_LOCS, which will prevent the partial routing of the signal "d_q0[15]". Without this partial route, timing analysis to/from this port will not be accurate, and no routing information for this port can be exported.
WARNING: [Route 35-198] Port "ap_rst" does not have an associated HD.PARTPIN_LOCS, which will prevent the partial routing of the signal "ap_rst". Without this partial route, timing analysis to/from this port will not be accurate, and no routing information for this port can be exported.
WARNING: [Route 35-198] Port "d_q0[0]" does not have an associated HD.PARTPIN_LOCS, which will prevent the partial routing of the signal "d_q0[0]". Without this partial route, timing analysis to/from this port will not be accurate, and no routing information for this port can be exported.
WARNING: [Route 35-198] Port "d_q0[1]" does not have an associated HD.PARTPIN_LOCS, which will prevent the partial routing of the signal "d_q0[1]". Without this partial route, timing analysis to/from this port will not be accurate, and no routing information for this port can be exported.
WARNING: [Route 35-198] Port "d_q0[2]" does not have an associated HD.PARTPIN_LOCS, which will prevent the partial routing of the signal "d_q0[2]". Without this partial route, timing analysis to/from this port will not be accurate, and no routing information for this port can be exported.
WARNING: [Route 35-198] Port "d_q0[3]" does not have an associated HD.PARTPIN_LOCS, which will prevent the partial routing of the signal "d_q0[3]". Without this partial route, timing analysis to/from this port will not be accurate, and no routing information for this port can be exported.
WARNING: [Route 35-198] Port "d_q0[4]" does not have an associated HD.PARTPIN_LOCS, which will prevent the partial routing of the signal "d_q0[4]". Without this partial route, timing analysis to/from this port will not be accurate, and no routing information for this port can be exported.
WARNING: [Route 35-198] Port "d_q0[5]" does not have an associated HD.PARTPIN_LOCS, which will prevent the partial routing of the signal "d_q0[5]". Without this partial route, timing analysis to/from this port will not be accurate, and no routing information for this port can be exported.
WARNING: [Route 35-198] Port "d_q0[6]" does not have an associated HD.PARTPIN_LOCS, which will prevent the partial routing of the signal "d_q0[6]". Without this partial route, timing analysis to/from this port will not be accurate, and no routing information for this port can be exported.
WARNING: [Route 35-198] Port "d_q0[7]" does not have an associated HD.PARTPIN_LOCS, which will prevent the partial routing of the signal "d_q0[7]". Without this partial route, timing analysis to/from this port will not be accurate, and no routing information for this port can be exported.
WARNING: [Route 35-198] Port "d_q0[10]" does not have an associated HD.PARTPIN_LOCS, which will prevent the partial routing of the signal "d_q0[10]". Without this partial route, timing analysis to/from this port will not be accurate, and no routing information for this port can be exported.
WARNING: [Route 35-198] Port "d_q0[11]" does not have an associated HD.PARTPIN_LOCS, which will prevent the partial routing of the signal "d_q0[11]". Without this partial route, timing analysis to/from this port will not be accurate, and no routing information for this port can be exported.
WARNING: [Route 35-198] Port "d_q0[8]" does not have an associated HD.PARTPIN_LOCS, which will prevent the partial routing of the signal "d_q0[8]". Without this partial route, timing analysis to/from this port will not be accurate, and no routing information for this port can be exported.
WARNING: [Route 35-198] Port "d_q0[9]" does not have an associated HD.PARTPIN_LOCS, which will prevent the partial routing of the signal "d_q0[9]". Without this partial route, timing analysis to/from this port will not be accurate, and no routing information for this port can be exported.
WARNING: [Route 35-198] Port "d_q0[16]" does not have an associated HD.PARTPIN_LOCS, which will prevent the partial routing of the signal "d_q0[16]". Without this partial route, timing analysis to/from this port will not be accurate, and no routing information for this port can be exported.
WARNING: [Route 35-198] Port "d_q0[17]" does not have an associated HD.PARTPIN_LOCS, which will prevent the partial routing of the signal "d_q0[17]". Without this partial route, timing analysis to/from this port will not be accurate, and no routing information for this port can be exported.
WARNING: [Route 35-198] Port "d_q0[18]" does not have an associated HD.PARTPIN_LOCS, which will prevent the partial routing of the signal "d_q0[18]". Without this partial route, timing analysis to/from this port will not be accurate, and no routing information for this port can be exported.
WARNING: [Route 35-198] Port "d_q0[19]" does not have an associated HD.PARTPIN_LOCS, which will prevent the partial routing of the signal "d_q0[19]". Without this partial route, timing analysis to/from this port will not be accurate, and no routing information for this port can be exported.
WARNING: [Route 35-198] Port "d_q0[20]" does not have an associated HD.PARTPIN_LOCS, which will prevent the partial routing of the signal "d_q0[20]". Without this partial route, timing analysis to/from this port will not be accurate, and no routing information for this port can be exported.
WARNING: [Route 35-198] Port "d_q0[21]" does not have an associated HD.PARTPIN_LOCS, which will prevent the partial routing of the signal "d_q0[21]". Without this partial route, timing analysis to/from this port will not be accurate, and no routing information for this port can be exported.
WARNING: [Route 35-198] Port "d_q0[22]" does not have an associated HD.PARTPIN_LOCS, which will prevent the partial routing of the signal "d_q0[22]". Without this partial route, timing analysis to/from this port will not be accurate, and no routing information for this port can be exported.
WARNING: [Route 35-198] Port "d_q0[23]" does not have an associated HD.PARTPIN_LOCS, which will prevent the partial routing of the signal "d_q0[23]". Without this partial route, timing analysis to/from this port will not be accurate, and no routing information for this port can be exported.
WARNING: [Route 35-198] Port "d_q0[24]" does not have an associated HD.PARTPIN_LOCS, which will prevent the partial routing of the signal "d_q0[24]". Without this partial route, timing analysis to/from this port will not be accurate, and no routing information for this port can be exported.
WARNING: [Route 35-198] Port "d_q0[25]" does not have an associated HD.PARTPIN_LOCS, which will prevent the partial routing of the signal "d_q0[25]". Without this partial route, timing analysis to/from this port will not be accurate, and no routing information for this port can be exported.
WARNING: [Route 35-198] Port "d_q0[26]" does not have an associated HD.PARTPIN_LOCS, which will prevent the partial routing of the signal "d_q0[26]". Without this partial route, timing analysis to/from this port will not be accurate, and no routing information for this port can be exported.
WARNING: [Route 35-198] Port "d_q0[27]" does not have an associated HD.PARTPIN_LOCS, which will prevent the partial routing of the signal "d_q0[27]". Without this partial route, timing analysis to/from this port will not be accurate, and no routing information for this port can be exported.
WARNING: [Route 35-198] Port "d_q0[28]" does not have an associated HD.PARTPIN_LOCS, which will prevent the partial routing of the signal "d_q0[28]". Without this partial route, timing analysis to/from this port will not be accurate, and no routing information for this port can be exported.
WARNING: [Route 35-198] Port "d_q0[29]" does not have an associated HD.PARTPIN_LOCS, which will prevent the partial routing of the signal "d_q0[29]". Without this partial route, timing analysis to/from this port will not be accurate, and no routing information for this port can be exported.
WARNING: [Route 35-198] Port "d_q0[30]" does not have an associated HD.PARTPIN_LOCS, which will prevent the partial routing of the signal "d_q0[30]". Without this partial route, timing analysis to/from this port will not be accurate, and no routing information for this port can be exported.
WARNING: [Route 35-198] Port "d_q0[31]" does not have an associated HD.PARTPIN_LOCS, which will prevent the partial routing of the signal "d_q0[31]". Without this partial route, timing analysis to/from this port will not be accurate, and no routing information for this port can be exported.
Phase 1 Build RT Design | Checksum: 146ce017d

Time (s): cpu = 00:00:47 ; elapsed = 00:00:44 . Memory (MB): peak = 1208.051 ; gain = 47.281
Post Restoration Checksum: NetGraph: e4529309 NumContArr: 627b6e74 Constraints: 0 Timing: 0

Phase 2 Router Initialization

Phase 2.1 Create Timer
Phase 2.1 Create Timer | Checksum: 146ce017d

Time (s): cpu = 00:00:47 ; elapsed = 00:00:44 . Memory (MB): peak = 1208.051 ; gain = 47.281

Phase 2.2 Fix Topology Constraints
Phase 2.2 Fix Topology Constraints | Checksum: 146ce017d

Time (s): cpu = 00:00:47 ; elapsed = 00:00:44 . Memory (MB): peak = 1214.043 ; gain = 53.273

Phase 2.3 Pre Route Cleanup
Phase 2.3 Pre Route Cleanup | Checksum: 146ce017d

Time (s): cpu = 00:00:47 ; elapsed = 00:00:44 . Memory (MB): peak = 1214.043 ; gain = 53.273
 Number of Nodes with overlaps = 0

Phase 2.4 Update Timing
Phase 2.4 Update Timing | Checksum: 116ac7253

Time (s): cpu = 00:00:47 ; elapsed = 00:00:45 . Memory (MB): peak = 1214.602 ; gain = 53.832
INFO: [Route 35-416] Intermediate Timing Summary | WNS=1.173  | TNS=0.000  | WHS=0.171  | THS=0.000  |

Phase 2 Router Initialization | Checksum: 15949876b

Time (s): cpu = 00:00:48 ; elapsed = 00:00:45 . Memory (MB): peak = 1214.602 ; gain = 53.832

Phase 3 Initial Routing
Phase 3 Initial Routing | Checksum: 1ee094aec

Time (s): cpu = 00:00:48 ; elapsed = 00:00:45 . Memory (MB): peak = 1214.602 ; gain = 53.832

Phase 4 Rip-up And Reroute

Phase 4.1 Global Iteration 0
 Number of Nodes with overlaps = 1
 Number of Nodes with overlaps = 0
INFO: [Route 35-416] Intermediate Timing Summary | WNS=0.992  | TNS=0.000  | WHS=N/A    | THS=N/A    |

Phase 4.1 Global Iteration 0 | Checksum: 1576bed38

Time (s): cpu = 00:00:48 ; elapsed = 00:00:45 . Memory (MB): peak = 1214.602 ; gain = 53.832
Phase 4 Rip-up And Reroute | Checksum: 1576bed38

Time (s): cpu = 00:00:48 ; elapsed = 00:00:45 . Memory (MB): peak = 1214.602 ; gain = 53.832

Phase 5 Delay and Skew Optimization

Phase 5.1 Delay CleanUp
Phase 5.1 Delay CleanUp | Checksum: 1576bed38

Time (s): cpu = 00:00:48 ; elapsed = 00:00:45 . Memory (MB): peak = 1214.602 ; gain = 53.832

Phase 5.2 Clock Skew Optimization
Phase 5.2 Clock Skew Optimization | Checksum: 1576bed38

Time (s): cpu = 00:00:48 ; elapsed = 00:00:45 . Memory (MB): peak = 1214.602 ; gain = 53.832
Phase 5 Delay and Skew Optimization | Checksum: 1576bed38

Time (s): cpu = 00:00:48 ; elapsed = 00:00:45 . Memory (MB): peak = 1214.602 ; gain = 53.832

Phase 6 Post Hold Fix

Phase 6.1 Hold Fix Iter

Phase 6.1.1 Update Timing
Phase 6.1.1 Update Timing | Checksum: 1bfc17799

Time (s): cpu = 00:00:48 ; elapsed = 00:00:45 . Memory (MB): peak = 1214.602 ; gain = 53.832
INFO: [Route 35-416] Intermediate Timing Summary | WNS=0.992  | TNS=0.000  | WHS=0.207  | THS=0.000  |

Phase 6.1 Hold Fix Iter | Checksum: 1bfc17799

Time (s): cpu = 00:00:48 ; elapsed = 00:00:45 . Memory (MB): peak = 1214.602 ; gain = 53.832
Phase 6 Post Hold Fix | Checksum: 1bfc17799

Time (s): cpu = 00:00:48 ; elapsed = 00:00:45 . Memory (MB): peak = 1214.602 ; gain = 53.832

Phase 7 Route finalize

Router Utilization Summary
  Global Vertical Routing Utilization    = 0.00661599 %
  Global Horizontal Routing Utilization  = 0.0107996 %
  Routable Net Status*
  *Does not include unroutable nets such as driverless and loadless.
  Run report_route_status for detailed report.
  Number of Failed Nets               = 0
  Number of Unrouted Nets             = 0
  Number of Partially Routed Nets     = 0
  Number of Node Overlaps             = 0

Phase 7 Route finalize | Checksum: 1bfc17799

Time (s): cpu = 00:00:48 ; elapsed = 00:00:45 . Memory (MB): peak = 1214.602 ; gain = 53.832

Phase 8 Verifying routed nets

 Verification completed successfully
Phase 8 Verifying routed nets | Checksum: 1bfc17799

Time (s): cpu = 00:00:48 ; elapsed = 00:00:45 . Memory (MB): peak = 1216.566 ; gain = 55.797

Phase 9 Depositing Routes
Phase 9 Depositing Routes | Checksum: 1d7b1ce53

Time (s): cpu = 00:00:48 ; elapsed = 00:00:45 . Memory (MB): peak = 1216.566 ; gain = 55.797

Phase 10 Post Router Timing
INFO: [Route 35-57] Estimated Timing Summary | WNS=0.992  | TNS=0.000  | WHS=0.207  | THS=0.000  |

INFO: [Route 35-327] The final timing numbers are based on the router estimated timing analysis. For a complete and accurate timing signoff, please run report_timing_summary.
Phase 10 Post Router Timing | Checksum: 1d7b1ce53

Time (s): cpu = 00:00:48 ; elapsed = 00:00:45 . Memory (MB): peak = 1216.566 ; gain = 55.797
INFO: [Route 35-16] Router Completed Successfully

Time (s): cpu = 00:00:48 ; elapsed = 00:00:45 . Memory (MB): peak = 1216.566 ; gain = 55.797

Routing Is Done.
INFO: [Common 17-83] Releasing license: Implementation
73 Infos, 35 Warnings, 0 Critical Warnings and 0 Errors encountered.
route_design completed successfully
route_design: Time (s): cpu = 00:00:53 ; elapsed = 00:00:48 . Memory (MB): peak = 1216.566 ; gain = 55.797
INFO: [Timing 38-480] Writing timing data to binary archive.
Writing placer database...
Writing XDEF routing.
Writing XDEF routing logical nets.
Writing XDEF routing special nets.
Write XDEF Complete: Time (s): cpu = 00:00:01 ; elapsed = 00:00:00.218 . Memory (MB): peak = 1219.129 ; gain = 2.563
INFO: [Common 17-1381] The checkpoint 'D:/github/Digital-Hardware-Modelling/xilinx-vivado-hls/array_arith/proj_array_arith/solution1/impl/verilog/project.runs/impl_1/array_arith_routed.dcp' has been generated.
INFO: [runtcl-4] Executing : report_drc -file array_arith_drc_routed.rpt -pb array_arith_drc_routed.pb -rpx array_arith_drc_routed.rpx
Command: report_drc -file array_arith_drc_routed.rpt -pb array_arith_drc_routed.pb -rpx array_arith_drc_routed.rpx
INFO: [DRC 23-27] Running DRC with 2 threads
INFO: [Coretcl 2-168] The results of DRC are in file D:/github/Digital-Hardware-Modelling/xilinx-vivado-hls/array_arith/proj_array_arith/solution1/impl/verilog/project.runs/impl_1/array_arith_drc_routed.rpt.
report_drc completed successfully
INFO: [runtcl-4] Executing : report_methodology -file array_arith_methodology_drc_routed.rpt -pb array_arith_methodology_drc_routed.pb -rpx array_arith_methodology_drc_routed.rpx
Command: report_methodology -file array_arith_methodology_drc_routed.rpt -pb array_arith_methodology_drc_routed.pb -rpx array_arith_methodology_drc_routed.rpx
INFO: [Timing 38-35] Done setting XDC timing constraints.
INFO: [Timing 38-35] Done setting XDC timing constraints.
WARNING: [Timing 38-242] The property HD.CLK_SRC of clock port "ap_clk" is not set. In out-of-context mode, this prevents timing estimation for clock delay/skew
Resolution: Set the HD.CLK_SRC property of the out-of-context port to the location of the clock buffer instance in the top-level design
INFO: [DRC 23-133] Running Methodology with 2 threads
INFO: [Coretcl 2-1520] The results of Report Methodology are in file D:/github/Digital-Hardware-Modelling/xilinx-vivado-hls/array_arith/proj_array_arith/solution1/impl/verilog/project.runs/impl_1/array_arith_methodology_drc_routed.rpt.
report_methodology completed successfully
INFO: [runtcl-4] Executing : report_power -file array_arith_power_routed.rpt -pb array_arith_power_summary_routed.pb -rpx array_arith_power_routed.rpx
Command: report_power -file array_arith_power_routed.rpt -pb array_arith_power_summary_routed.pb -rpx array_arith_power_routed.rpx
INFO: [Timing 38-35] Done setting XDC timing constraints.
Running Vector-less Activity Propagation...

Finished Running Vector-less Activity Propagation
85 Infos, 36 Warnings, 0 Critical Warnings and 0 Errors encountered.
report_power completed successfully
INFO: [runtcl-4] Executing : report_route_status -file array_arith_route_status.rpt -pb array_arith_route_status.pb
INFO: [runtcl-4] Executing : report_timing_summary -max_paths 10 -file array_arith_timing_summary_routed.rpt -pb array_arith_timing_summary_routed.pb -rpx array_arith_timing_summary_routed.rpx -warn_on_violation 
INFO: [Timing 38-91] UpdateTimingParams: Speed grade: -1, Delay Type: min_max, Timing Stage: Requireds.
INFO: [Timing 38-191] Multithreading enabled for timing update using a maximum of 2 CPUs
INFO: [runtcl-4] Executing : report_incremental_reuse -file array_arith_incremental_reuse_routed.rpt
INFO: [Vivado_Tcl 4-545] No incremental reuse to report, no incremental placement and routing data was found.
INFO: [runtcl-4] Executing : report_clock_utilization -file array_arith_clock_utilization_routed.rpt
INFO: [runtcl-4] Executing : report_bus_skew -warn_on_violation -file array_arith_bus_skew_routed.rpt -pb array_arith_bus_skew_routed.pb -rpx array_arith_bus_skew_routed.rpx
INFO: [Timing 38-91] UpdateTimingParams: Speed grade: -1, Delay Type: min_max, Timing Stage: Requireds.
INFO: [Timing 38-191] Multithreading enabled for timing update using a maximum of 2 CPUs
INFO: [Common 17-206] Exiting Vivado at Mon Sep 16 02:34:54 2019...
