
*** Running vivado
    with args -log gcd_zynq_snick_wrapper.vdi -applog -m64 -product Vivado -messageDb vivado.pb -mode batch -source gcd_zynq_snick_wrapper.tcl -notrace


****** Vivado v2018.2 (64-bit)
  **** SW Build 2258646 on Thu Jun 14 20:03:12 MDT 2018
  **** IP Build 2256618 on Thu Jun 14 22:10:49 MDT 2018
    ** Copyright 1986-2018 Xilinx, Inc. All Rights Reserved.

source gcd_zynq_snick_wrapper.tcl -notrace
INFO: [IP_Flow 19-234] Refreshing IP repositories
INFO: [IP_Flow 19-1700] Loaded user IP repository 'd:/github/Digital-Hardware-Modelling/xilinx-vivado-hls/gcd/solution1/impl/ip'.
INFO: [IP_Flow 19-2313] Loaded Vivado IP repository 'C:/Xilinx/Vivado/2018.2/data/ip'.
Command: link_design -top gcd_zynq_snick_wrapper -part xc7z020clg400-3
Design is defaulting to srcset: sources_1
Design is defaulting to constrset: constrs_1
INFO: [Project 1-454] Reading design checkpoint 'd:/github/Digital-Hardware-Modelling/xilinx-vivado/gcd_snickerdoodle/gcd_snickerdoodle.srcs/sources_1/bd/gcd_zynq_snick/ip/gcd_zynq_snick_gcd_0_0/gcd_zynq_snick_gcd_0_0.dcp' for cell 'gcd_zynq_snick_i/gcd_0'
INFO: [Project 1-454] Reading design checkpoint 'd:/github/Digital-Hardware-Modelling/xilinx-vivado/gcd_snickerdoodle/gcd_snickerdoodle.srcs/sources_1/bd/gcd_zynq_snick/ip/gcd_zynq_snick_processing_system7_0_0/gcd_zynq_snick_processing_system7_0_0.dcp' for cell 'gcd_zynq_snick_i/processing_system7_0'
INFO: [Project 1-454] Reading design checkpoint 'd:/github/Digital-Hardware-Modelling/xilinx-vivado/gcd_snickerdoodle/gcd_snickerdoodle.srcs/sources_1/bd/gcd_zynq_snick/ip/gcd_zynq_snick_rst_ps7_0_49M_0/gcd_zynq_snick_rst_ps7_0_49M_0.dcp' for cell 'gcd_zynq_snick_i/rst_ps7_0_49M'
INFO: [Project 1-454] Reading design checkpoint 'd:/github/Digital-Hardware-Modelling/xilinx-vivado/gcd_snickerdoodle/gcd_snickerdoodle.srcs/sources_1/bd/gcd_zynq_snick/ip/gcd_zynq_snick_auto_pc_0/gcd_zynq_snick_auto_pc_0.dcp' for cell 'gcd_zynq_snick_i/ps7_0_axi_periph/s00_couplers/auto_pc'
INFO: [Netlist 29-17] Analyzing 30 Unisim elements for replacement
INFO: [Netlist 29-28] Unisim Transformation completed in 0 CPU seconds
INFO: [Project 1-479] Netlist was created with Vivado 2018.2
INFO: [Device 21-403] Loading part xc7z020clg400-3
INFO: [Project 1-570] Preparing netlist for logic optimization
Parsing XDC File [d:/github/Digital-Hardware-Modelling/xilinx-vivado/gcd_snickerdoodle/gcd_snickerdoodle.srcs/sources_1/bd/gcd_zynq_snick/ip/gcd_zynq_snick_processing_system7_0_0/gcd_zynq_snick_processing_system7_0_0.xdc] for cell 'gcd_zynq_snick_i/processing_system7_0/inst'
Finished Parsing XDC File [d:/github/Digital-Hardware-Modelling/xilinx-vivado/gcd_snickerdoodle/gcd_snickerdoodle.srcs/sources_1/bd/gcd_zynq_snick/ip/gcd_zynq_snick_processing_system7_0_0/gcd_zynq_snick_processing_system7_0_0.xdc] for cell 'gcd_zynq_snick_i/processing_system7_0/inst'
Parsing XDC File [d:/github/Digital-Hardware-Modelling/xilinx-vivado/gcd_snickerdoodle/gcd_snickerdoodle.srcs/sources_1/bd/gcd_zynq_snick/ip/gcd_zynq_snick_rst_ps7_0_49M_0/gcd_zynq_snick_rst_ps7_0_49M_0_board.xdc] for cell 'gcd_zynq_snick_i/rst_ps7_0_49M/U0'
Finished Parsing XDC File [d:/github/Digital-Hardware-Modelling/xilinx-vivado/gcd_snickerdoodle/gcd_snickerdoodle.srcs/sources_1/bd/gcd_zynq_snick/ip/gcd_zynq_snick_rst_ps7_0_49M_0/gcd_zynq_snick_rst_ps7_0_49M_0_board.xdc] for cell 'gcd_zynq_snick_i/rst_ps7_0_49M/U0'
Parsing XDC File [d:/github/Digital-Hardware-Modelling/xilinx-vivado/gcd_snickerdoodle/gcd_snickerdoodle.srcs/sources_1/bd/gcd_zynq_snick/ip/gcd_zynq_snick_rst_ps7_0_49M_0/gcd_zynq_snick_rst_ps7_0_49M_0.xdc] for cell 'gcd_zynq_snick_i/rst_ps7_0_49M/U0'
Finished Parsing XDC File [d:/github/Digital-Hardware-Modelling/xilinx-vivado/gcd_snickerdoodle/gcd_snickerdoodle.srcs/sources_1/bd/gcd_zynq_snick/ip/gcd_zynq_snick_rst_ps7_0_49M_0/gcd_zynq_snick_rst_ps7_0_49M_0.xdc] for cell 'gcd_zynq_snick_i/rst_ps7_0_49M/U0'
INFO: [Opt 31-138] Pushed 0 inverter(s) to 0 load pin(s).
INFO: [Project 1-111] Unisim Transformation Summary:
No Unisim elements were transformed.

14 Infos, 0 Warnings, 0 Critical Warnings and 0 Errors encountered.
link_design completed successfully
link_design: Time (s): cpu = 00:00:22 ; elapsed = 00:00:27 . Memory (MB): peak = 707.855 ; gain = 382.039
Command: opt_design
Attempting to get a license for feature 'Implementation' and/or device 'xc7z020'
INFO: [Common 17-349] Got license for feature 'Implementation' and/or device 'xc7z020'
Running DRC as a precondition to command opt_design

Starting DRC Task
INFO: [DRC 23-27] Running DRC with 2 threads
INFO: [Project 1-461] DRC finished with 0 Errors
INFO: [Project 1-462] Please refer to the DRC report (report_drc) for more information.

Time (s): cpu = 00:00:01 ; elapsed = 00:00:00.799 . Memory (MB): peak = 712.879 ; gain = 5.023

Starting Cache Timing Information Task
INFO: [Timing 38-35] Done setting XDC timing constraints.
Ending Cache Timing Information Task | Checksum: 14862f218

Time (s): cpu = 00:00:15 ; elapsed = 00:00:16 . Memory (MB): peak = 1232.594 ; gain = 519.715

Starting Logic Optimization Task

Phase 1 Retarget
INFO: [Opt 31-138] Pushed 0 inverter(s) to 0 load pin(s).
INFO: [Opt 31-49] Retargeted 0 cell(s).
Phase 1 Retarget | Checksum: 1fec08ce4

Time (s): cpu = 00:00:00 ; elapsed = 00:00:00.195 . Memory (MB): peak = 1232.594 ; gain = 0.000
INFO: [Opt 31-389] Phase Retarget created 0 cells and removed 0 cells

Phase 2 Constant propagation
INFO: [Opt 31-138] Pushed 0 inverter(s) to 0 load pin(s).
Phase 2 Constant propagation | Checksum: 1c2ca41d4

Time (s): cpu = 00:00:00 ; elapsed = 00:00:00.264 . Memory (MB): peak = 1232.594 ; gain = 0.000
INFO: [Opt 31-389] Phase Constant propagation created 0 cells and removed 72 cells

Phase 3 Sweep
Phase 3 Sweep | Checksum: 1af6e0012

Time (s): cpu = 00:00:00 ; elapsed = 00:00:00.743 . Memory (MB): peak = 1232.594 ; gain = 0.000
INFO: [Opt 31-389] Phase Sweep created 0 cells and removed 331 cells

Phase 4 BUFG optimization
Phase 4 BUFG optimization | Checksum: 1af6e0012

Time (s): cpu = 00:00:01 ; elapsed = 00:00:00.822 . Memory (MB): peak = 1232.594 ; gain = 0.000
INFO: [Opt 31-662] Phase BUFG optimization created 0 cells of which 0 are BUFGs and removed 0 cells.

Phase 5 Shift Register Optimization
Phase 5 Shift Register Optimization | Checksum: ab5e050e

Time (s): cpu = 00:00:01 ; elapsed = 00:00:01 . Memory (MB): peak = 1232.594 ; gain = 0.000
INFO: [Opt 31-389] Phase Shift Register Optimization created 0 cells and removed 0 cells

Phase 6 Post Processing Netlist
Phase 6 Post Processing Netlist | Checksum: ab5e050e

Time (s): cpu = 00:00:01 ; elapsed = 00:00:01 . Memory (MB): peak = 1232.594 ; gain = 0.000
INFO: [Opt 31-389] Phase Post Processing Netlist created 0 cells and removed 0 cells

Starting Connectivity Check Task

Time (s): cpu = 00:00:00 ; elapsed = 00:00:00.004 . Memory (MB): peak = 1232.594 ; gain = 0.000
Ending Logic Optimization Task | Checksum: ab5e050e

Time (s): cpu = 00:00:01 ; elapsed = 00:00:01 . Memory (MB): peak = 1232.594 ; gain = 0.000

Starting Power Optimization Task
INFO: [Pwropt 34-132] Skipping clock gating for clocks with a period < 2.00 ns.
Ending Power Optimization Task | Checksum: ab5e050e

Time (s): cpu = 00:00:00 ; elapsed = 00:00:00.037 . Memory (MB): peak = 1232.594 ; gain = 0.000

Starting Final Cleanup Task
Ending Final Cleanup Task | Checksum: ab5e050e

Time (s): cpu = 00:00:00 ; elapsed = 00:00:00.001 . Memory (MB): peak = 1232.594 ; gain = 0.000
INFO: [Common 17-83] Releasing license: Implementation
30 Infos, 0 Warnings, 0 Critical Warnings and 0 Errors encountered.
opt_design completed successfully
opt_design: Time (s): cpu = 00:00:17 ; elapsed = 00:00:18 . Memory (MB): peak = 1232.594 ; gain = 524.738
Writing placer database...
INFO: [Timing 38-480] Writing timing data to binary archive.
Writing XDEF routing.
Writing XDEF routing logical nets.
Writing XDEF routing special nets.
Write XDEF Complete: Time (s): cpu = 00:00:00 ; elapsed = 00:00:00.118 . Memory (MB): peak = 1232.594 ; gain = 0.000
INFO: [Common 17-1381] The checkpoint 'D:/github/Digital-Hardware-Modelling/xilinx-vivado/gcd_snickerdoodle/gcd_snickerdoodle.runs/impl_1/gcd_zynq_snick_wrapper_opt.dcp' has been generated.
INFO: [runtcl-4] Executing : report_drc -file gcd_zynq_snick_wrapper_drc_opted.rpt -pb gcd_zynq_snick_wrapper_drc_opted.pb -rpx gcd_zynq_snick_wrapper_drc_opted.rpx
Command: report_drc -file gcd_zynq_snick_wrapper_drc_opted.rpt -pb gcd_zynq_snick_wrapper_drc_opted.pb -rpx gcd_zynq_snick_wrapper_drc_opted.rpx
INFO: [DRC 23-27] Running DRC with 2 threads
INFO: [Coretcl 2-168] The results of DRC are in file D:/github/Digital-Hardware-Modelling/xilinx-vivado/gcd_snickerdoodle/gcd_snickerdoodle.runs/impl_1/gcd_zynq_snick_wrapper_drc_opted.rpt.
report_drc completed successfully
Command: place_design
Attempting to get a license for feature 'Implementation' and/or device 'xc7z020'
INFO: [Common 17-349] Got license for feature 'Implementation' and/or device 'xc7z020'
INFO: [DRC 23-27] Running DRC with 2 threads
INFO: [Vivado_Tcl 4-198] DRC finished with 0 Errors
INFO: [Vivado_Tcl 4-199] Please refer to the DRC report (report_drc) for more information.
Running DRC as a precondition to command place_design
INFO: [DRC 23-27] Running DRC with 2 threads
INFO: [Vivado_Tcl 4-198] DRC finished with 0 Errors
INFO: [Vivado_Tcl 4-199] Please refer to the DRC report (report_drc) for more information.

Starting Placer Task
INFO: [Place 30-611] Multithreading enabled for place_design using a maximum of 2 CPUs

Phase 1 Placer Initialization

Phase 1.1 Placer Initialization Netlist Sorting
Netlist sorting complete. Time (s): cpu = 00:00:00 ; elapsed = 00:00:00.005 . Memory (MB): peak = 1232.594 ; gain = 0.000
Phase 1.1 Placer Initialization Netlist Sorting | Checksum: a00e996a

Time (s): cpu = 00:00:00 ; elapsed = 00:00:00.034 . Memory (MB): peak = 1232.594 ; gain = 0.000
Netlist sorting complete. Time (s): cpu = 00:00:00 ; elapsed = 00:00:00.004 . Memory (MB): peak = 1232.594 ; gain = 0.000

Phase 1.2 IO Placement/ Clock Placement/ Build Placer Device
INFO: [Timing 38-35] Done setting XDC timing constraints.
Phase 1.2 IO Placement/ Clock Placement/ Build Placer Device | Checksum: 758e828b

Time (s): cpu = 00:00:02 ; elapsed = 00:00:02 . Memory (MB): peak = 1232.594 ; gain = 0.000

Phase 1.3 Build Placer Netlist Model
Phase 1.3 Build Placer Netlist Model | Checksum: 144d317ec

Time (s): cpu = 00:00:02 ; elapsed = 00:00:03 . Memory (MB): peak = 1232.594 ; gain = 0.000

Phase 1.4 Constrain Clocks/Macros
Phase 1.4 Constrain Clocks/Macros | Checksum: 144d317ec

Time (s): cpu = 00:00:02 ; elapsed = 00:00:03 . Memory (MB): peak = 1232.594 ; gain = 0.000
Phase 1 Placer Initialization | Checksum: 144d317ec

Time (s): cpu = 00:00:02 ; elapsed = 00:00:03 . Memory (MB): peak = 1232.594 ; gain = 0.000

Phase 2 Global Placement

Phase 2.1 Floorplanning
Phase 2.1 Floorplanning | Checksum: a00e607c

Time (s): cpu = 00:00:03 ; elapsed = 00:00:03 . Memory (MB): peak = 1232.594 ; gain = 0.000

Phase 2.2 Physical Synthesis In Placer
INFO: [Physopt 32-65] No nets found for high-fanout optimization.
INFO: [Physopt 32-232] Optimized 0 net. Created 0 new instance.
INFO: [Physopt 32-775] End 1 Pass. Optimized 0 net or cell. Created 0 new cell, deleted 0 existing cell and moved 0 existing cell
Netlist sorting complete. Time (s): cpu = 00:00:00 ; elapsed = 00:00:00.004 . Memory (MB): peak = 1232.594 ; gain = 0.000

Summary of Physical Synthesis Optimizations
============================================


-----------------------------------------------------------------------------------------------------------------------------
|  Optimization       |  Added Cells  |  Removed Cells  |  Optimized Cells/Nets  |  Dont Touch  |  Iterations  |  Elapsed   |
-----------------------------------------------------------------------------------------------------------------------------
|  Very High Fanout   |            0  |              0  |                     0  |           0  |           1  |  00:00:00  |
|  Total              |            0  |              0  |                     0  |           0  |           1  |  00:00:00  |
-----------------------------------------------------------------------------------------------------------------------------


Phase 2.2 Physical Synthesis In Placer | Checksum: ea9c2d01

Time (s): cpu = 00:00:07 ; elapsed = 00:00:06 . Memory (MB): peak = 1232.594 ; gain = 0.000
Phase 2 Global Placement | Checksum: 7b18daf0

Time (s): cpu = 00:00:07 ; elapsed = 00:00:06 . Memory (MB): peak = 1232.594 ; gain = 0.000

Phase 3 Detail Placement

Phase 3.1 Commit Multi Column Macros
Phase 3.1 Commit Multi Column Macros | Checksum: 7b18daf0

Time (s): cpu = 00:00:07 ; elapsed = 00:00:06 . Memory (MB): peak = 1232.594 ; gain = 0.000

Phase 3.2 Commit Most Macros & LUTRAMs
Phase 3.2 Commit Most Macros & LUTRAMs | Checksum: 1c7391d62

Time (s): cpu = 00:00:08 ; elapsed = 00:00:06 . Memory (MB): peak = 1232.594 ; gain = 0.000

Phase 3.3 Area Swap Optimization
Phase 3.3 Area Swap Optimization | Checksum: 12f90a4ef

Time (s): cpu = 00:00:08 ; elapsed = 00:00:06 . Memory (MB): peak = 1232.594 ; gain = 0.000

Phase 3.4 Pipeline Register Optimization
Phase 3.4 Pipeline Register Optimization | Checksum: 12f90a4ef

Time (s): cpu = 00:00:08 ; elapsed = 00:00:06 . Memory (MB): peak = 1232.594 ; gain = 0.000

Phase 3.5 Small Shape Detail Placement
Phase 3.5 Small Shape Detail Placement | Checksum: 1fe4cf91c

Time (s): cpu = 00:00:09 ; elapsed = 00:00:07 . Memory (MB): peak = 1232.594 ; gain = 0.000

Phase 3.6 Re-assign LUT pins
Phase 3.6 Re-assign LUT pins | Checksum: 1ef603326

Time (s): cpu = 00:00:09 ; elapsed = 00:00:07 . Memory (MB): peak = 1232.594 ; gain = 0.000

Phase 3.7 Pipeline Register Optimization
Phase 3.7 Pipeline Register Optimization | Checksum: 1ef603326

Time (s): cpu = 00:00:09 ; elapsed = 00:00:07 . Memory (MB): peak = 1232.594 ; gain = 0.000
Phase 3 Detail Placement | Checksum: 1ef603326

Time (s): cpu = 00:00:09 ; elapsed = 00:00:07 . Memory (MB): peak = 1232.594 ; gain = 0.000

Phase 4 Post Placement Optimization and Clean-Up

Phase 4.1 Post Commit Optimization
INFO: [Timing 38-35] Done setting XDC timing constraints.

Phase 4.1.1 Post Placement Optimization
Post Placement Optimization Initialization | Checksum: 1e44a700a

Phase 4.1.1.1 BUFG Insertion
INFO: [Place 46-31] BUFG insertion identified 0 candidate nets, 0 success, 0 skipped for placement/routing, 0 skipped for timing, 0 skipped for netlist change reason.
Phase 4.1.1.1 BUFG Insertion | Checksum: 1e44a700a

Time (s): cpu = 00:00:09 ; elapsed = 00:00:07 . Memory (MB): peak = 1248.770 ; gain = 16.176
INFO: [Place 30-746] Post Placement Timing Summary WNS=15.978. For the most accurate timing information please run report_timing.
Phase 4.1.1 Post Placement Optimization | Checksum: 23671d8fd

Time (s): cpu = 00:00:09 ; elapsed = 00:00:07 . Memory (MB): peak = 1248.770 ; gain = 16.176
Phase 4.1 Post Commit Optimization | Checksum: 23671d8fd

Time (s): cpu = 00:00:09 ; elapsed = 00:00:07 . Memory (MB): peak = 1248.770 ; gain = 16.176

Phase 4.2 Post Placement Cleanup
Phase 4.2 Post Placement Cleanup | Checksum: 23671d8fd

Time (s): cpu = 00:00:09 ; elapsed = 00:00:07 . Memory (MB): peak = 1248.770 ; gain = 16.176

Phase 4.3 Placer Reporting
Phase 4.3 Placer Reporting | Checksum: 23671d8fd

Time (s): cpu = 00:00:09 ; elapsed = 00:00:07 . Memory (MB): peak = 1248.770 ; gain = 16.176

Phase 4.4 Final Placement Cleanup
Phase 4.4 Final Placement Cleanup | Checksum: 28b0cb24b

Time (s): cpu = 00:00:09 ; elapsed = 00:00:07 . Memory (MB): peak = 1248.770 ; gain = 16.176
Phase 4 Post Placement Optimization and Clean-Up | Checksum: 28b0cb24b

Time (s): cpu = 00:00:09 ; elapsed = 00:00:07 . Memory (MB): peak = 1248.770 ; gain = 16.176
Ending Placer Task | Checksum: 1b33e311f

Time (s): cpu = 00:00:09 ; elapsed = 00:00:07 . Memory (MB): peak = 1248.770 ; gain = 16.176
INFO: [Common 17-83] Releasing license: Implementation
51 Infos, 0 Warnings, 0 Critical Warnings and 0 Errors encountered.
place_design completed successfully
place_design: Time (s): cpu = 00:00:12 ; elapsed = 00:00:09 . Memory (MB): peak = 1248.770 ; gain = 16.176
INFO: [Timing 38-480] Writing timing data to binary archive.
Writing placer database...
Writing XDEF routing.
Writing XDEF routing logical nets.
Writing XDEF routing special nets.
Write XDEF Complete: Time (s): cpu = 00:00:01 ; elapsed = 00:00:00.226 . Memory (MB): peak = 1256.328 ; gain = 7.559
INFO: [Common 17-1381] The checkpoint 'D:/github/Digital-Hardware-Modelling/xilinx-vivado/gcd_snickerdoodle/gcd_snickerdoodle.runs/impl_1/gcd_zynq_snick_wrapper_placed.dcp' has been generated.
INFO: [runtcl-4] Executing : report_io -file gcd_zynq_snick_wrapper_io_placed.rpt
report_io: Time (s): cpu = 00:00:01 ; elapsed = 00:00:00.067 . Memory (MB): peak = 1256.328 ; gain = 0.000
INFO: [runtcl-4] Executing : report_utilization -file gcd_zynq_snick_wrapper_utilization_placed.rpt -pb gcd_zynq_snick_wrapper_utilization_placed.pb
report_utilization: Time (s): cpu = 00:00:00 ; elapsed = 00:00:00.065 . Memory (MB): peak = 1256.328 ; gain = 0.000
INFO: [runtcl-4] Executing : report_control_sets -verbose -file gcd_zynq_snick_wrapper_control_sets_placed.rpt
report_control_sets: Time (s): cpu = 00:00:00 ; elapsed = 00:00:00.014 . Memory (MB): peak = 1256.328 ; gain = 0.000
Command: route_design
Attempting to get a license for feature 'Implementation' and/or device 'xc7z020'
INFO: [Common 17-349] Got license for feature 'Implementation' and/or device 'xc7z020'
Running DRC as a precondition to command route_design
INFO: [DRC 23-27] Running DRC with 2 threads
INFO: [Vivado_Tcl 4-198] DRC finished with 0 Errors
INFO: [Vivado_Tcl 4-199] Please refer to the DRC report (report_drc) for more information.


Starting Routing Task
INFO: [Route 35-254] Multithreading enabled for route_design using a maximum of 2 CPUs
Checksum: PlaceDB: eff8449f ConstDB: 0 ShapeSum: c345ec80 RouteDB: 0

Phase 1 Build RT Design
Phase 1 Build RT Design | Checksum: 79312be5

Time (s): cpu = 00:00:36 ; elapsed = 00:00:32 . Memory (MB): peak = 1369.125 ; gain = 112.797
Post Restoration Checksum: NetGraph: 586ff204 NumContArr: 20c139e1 Constraints: 0 Timing: 0

Phase 2 Router Initialization

Phase 2.1 Create Timer
Phase 2.1 Create Timer | Checksum: 79312be5

Time (s): cpu = 00:00:36 ; elapsed = 00:00:32 . Memory (MB): peak = 1369.125 ; gain = 112.797

Phase 2.2 Fix Topology Constraints
Phase 2.2 Fix Topology Constraints | Checksum: 79312be5

Time (s): cpu = 00:00:36 ; elapsed = 00:00:32 . Memory (MB): peak = 1376.305 ; gain = 119.977

Phase 2.3 Pre Route Cleanup
Phase 2.3 Pre Route Cleanup | Checksum: 79312be5

Time (s): cpu = 00:00:36 ; elapsed = 00:00:32 . Memory (MB): peak = 1376.305 ; gain = 119.977
 Number of Nodes with overlaps = 0

Phase 2.4 Update Timing
Phase 2.4 Update Timing | Checksum: 115787e5d

Time (s): cpu = 00:00:37 ; elapsed = 00:00:33 . Memory (MB): peak = 1398.879 ; gain = 142.551
INFO: [Route 35-416] Intermediate Timing Summary | WNS=15.986 | TNS=0.000  | WHS=-0.237 | THS=-37.343|

Phase 2 Router Initialization | Checksum: be572d8b

Time (s): cpu = 00:00:37 ; elapsed = 00:00:33 . Memory (MB): peak = 1398.879 ; gain = 142.551

Phase 3 Initial Routing
Phase 3 Initial Routing | Checksum: 1ce045747

Time (s): cpu = 00:00:37 ; elapsed = 00:00:33 . Memory (MB): peak = 1398.879 ; gain = 142.551

Phase 4 Rip-up And Reroute

Phase 4.1 Global Iteration 0
 Number of Nodes with overlaps = 63
 Number of Nodes with overlaps = 0
INFO: [Route 35-416] Intermediate Timing Summary | WNS=15.220 | TNS=0.000  | WHS=N/A    | THS=N/A    |

Phase 4.1 Global Iteration 0 | Checksum: 17fc7f6b7

Time (s): cpu = 00:00:38 ; elapsed = 00:00:33 . Memory (MB): peak = 1398.879 ; gain = 142.551
Phase 4 Rip-up And Reroute | Checksum: 17fc7f6b7

Time (s): cpu = 00:00:38 ; elapsed = 00:00:33 . Memory (MB): peak = 1398.879 ; gain = 142.551

Phase 5 Delay and Skew Optimization

Phase 5.1 Delay CleanUp
Phase 5.1 Delay CleanUp | Checksum: 17fc7f6b7

Time (s): cpu = 00:00:38 ; elapsed = 00:00:33 . Memory (MB): peak = 1398.879 ; gain = 142.551

Phase 5.2 Clock Skew Optimization
Phase 5.2 Clock Skew Optimization | Checksum: 17fc7f6b7

Time (s): cpu = 00:00:38 ; elapsed = 00:00:33 . Memory (MB): peak = 1398.879 ; gain = 142.551
Phase 5 Delay and Skew Optimization | Checksum: 17fc7f6b7

Time (s): cpu = 00:00:38 ; elapsed = 00:00:33 . Memory (MB): peak = 1398.879 ; gain = 142.551

Phase 6 Post Hold Fix

Phase 6.1 Hold Fix Iter

Phase 6.1.1 Update Timing
Phase 6.1.1 Update Timing | Checksum: 12fdd09c0

Time (s): cpu = 00:00:38 ; elapsed = 00:00:33 . Memory (MB): peak = 1398.879 ; gain = 142.551
INFO: [Route 35-416] Intermediate Timing Summary | WNS=15.243 | TNS=0.000  | WHS=0.061  | THS=0.000  |

Phase 6.1 Hold Fix Iter | Checksum: 12fdd09c0

Time (s): cpu = 00:00:38 ; elapsed = 00:00:33 . Memory (MB): peak = 1398.879 ; gain = 142.551
Phase 6 Post Hold Fix | Checksum: 12fdd09c0

Time (s): cpu = 00:00:38 ; elapsed = 00:00:33 . Memory (MB): peak = 1398.879 ; gain = 142.551

Phase 7 Route finalize

Router Utilization Summary
  Global Vertical Routing Utilization    = 0.129129 %
  Global Horizontal Routing Utilization  = 0.162441 %
  Routable Net Status*
  *Does not include unroutable nets such as driverless and loadless.
  Run report_route_status for detailed report.
  Number of Failed Nets               = 0
  Number of Unrouted Nets             = 0
  Number of Partially Routed Nets     = 0
  Number of Node Overlaps             = 0

Phase 7 Route finalize | Checksum: 1415ad7b0

Time (s): cpu = 00:00:38 ; elapsed = 00:00:33 . Memory (MB): peak = 1398.879 ; gain = 142.551

Phase 8 Verifying routed nets

 Verification completed successfully
Phase 8 Verifying routed nets | Checksum: 1415ad7b0

Time (s): cpu = 00:00:38 ; elapsed = 00:00:33 . Memory (MB): peak = 1398.879 ; gain = 142.551

Phase 9 Depositing Routes
Phase 9 Depositing Routes | Checksum: 2246cb632

Time (s): cpu = 00:00:38 ; elapsed = 00:00:33 . Memory (MB): peak = 1398.879 ; gain = 142.551

Phase 10 Post Router Timing
INFO: [Route 35-57] Estimated Timing Summary | WNS=15.243 | TNS=0.000  | WHS=0.061  | THS=0.000  |

INFO: [Route 35-327] The final timing numbers are based on the router estimated timing analysis. For a complete and accurate timing signoff, please run report_timing_summary.
Phase 10 Post Router Timing | Checksum: 2246cb632

Time (s): cpu = 00:00:38 ; elapsed = 00:00:33 . Memory (MB): peak = 1398.879 ; gain = 142.551
INFO: [Route 35-16] Router Completed Successfully

Time (s): cpu = 00:00:38 ; elapsed = 00:00:33 . Memory (MB): peak = 1398.879 ; gain = 142.551

Routing Is Done.
INFO: [Common 17-83] Releasing license: Implementation
68 Infos, 0 Warnings, 0 Critical Warnings and 0 Errors encountered.
route_design completed successfully
route_design: Time (s): cpu = 00:00:41 ; elapsed = 00:00:35 . Memory (MB): peak = 1398.879 ; gain = 142.551
INFO: [Timing 38-480] Writing timing data to binary archive.
Writing placer database...
Writing XDEF routing.
Writing XDEF routing logical nets.
Writing XDEF routing special nets.
Write XDEF Complete: Time (s): cpu = 00:00:01 ; elapsed = 00:00:00.254 . Memory (MB): peak = 1401.211 ; gain = 2.332
INFO: [Common 17-1381] The checkpoint 'D:/github/Digital-Hardware-Modelling/xilinx-vivado/gcd_snickerdoodle/gcd_snickerdoodle.runs/impl_1/gcd_zynq_snick_wrapper_routed.dcp' has been generated.
INFO: [runtcl-4] Executing : report_drc -file gcd_zynq_snick_wrapper_drc_routed.rpt -pb gcd_zynq_snick_wrapper_drc_routed.pb -rpx gcd_zynq_snick_wrapper_drc_routed.rpx
Command: report_drc -file gcd_zynq_snick_wrapper_drc_routed.rpt -pb gcd_zynq_snick_wrapper_drc_routed.pb -rpx gcd_zynq_snick_wrapper_drc_routed.rpx
INFO: [DRC 23-27] Running DRC with 2 threads
INFO: [Coretcl 2-168] The results of DRC are in file D:/github/Digital-Hardware-Modelling/xilinx-vivado/gcd_snickerdoodle/gcd_snickerdoodle.runs/impl_1/gcd_zynq_snick_wrapper_drc_routed.rpt.
report_drc completed successfully
INFO: [runtcl-4] Executing : report_methodology -file gcd_zynq_snick_wrapper_methodology_drc_routed.rpt -pb gcd_zynq_snick_wrapper_methodology_drc_routed.pb -rpx gcd_zynq_snick_wrapper_methodology_drc_routed.rpx
Command: report_methodology -file gcd_zynq_snick_wrapper_methodology_drc_routed.rpt -pb gcd_zynq_snick_wrapper_methodology_drc_routed.pb -rpx gcd_zynq_snick_wrapper_methodology_drc_routed.rpx
INFO: [Timing 38-35] Done setting XDC timing constraints.
INFO: [Timing 38-35] Done setting XDC timing constraints.
INFO: [DRC 23-133] Running Methodology with 2 threads
INFO: [Coretcl 2-1520] The results of Report Methodology are in file D:/github/Digital-Hardware-Modelling/xilinx-vivado/gcd_snickerdoodle/gcd_snickerdoodle.runs/impl_1/gcd_zynq_snick_wrapper_methodology_drc_routed.rpt.
report_methodology completed successfully
INFO: [runtcl-4] Executing : report_power -file gcd_zynq_snick_wrapper_power_routed.rpt -pb gcd_zynq_snick_wrapper_power_summary_routed.pb -rpx gcd_zynq_snick_wrapper_power_routed.rpx
Command: report_power -file gcd_zynq_snick_wrapper_power_routed.rpt -pb gcd_zynq_snick_wrapper_power_summary_routed.pb -rpx gcd_zynq_snick_wrapper_power_routed.rpx
INFO: [Timing 38-35] Done setting XDC timing constraints.
Running Vector-less Activity Propagation...

Finished Running Vector-less Activity Propagation
80 Infos, 0 Warnings, 0 Critical Warnings and 0 Errors encountered.
report_power completed successfully
INFO: [runtcl-4] Executing : report_route_status -file gcd_zynq_snick_wrapper_route_status.rpt -pb gcd_zynq_snick_wrapper_route_status.pb
INFO: [runtcl-4] Executing : report_timing_summary -max_paths 10 -file gcd_zynq_snick_wrapper_timing_summary_routed.rpt -pb gcd_zynq_snick_wrapper_timing_summary_routed.pb -rpx gcd_zynq_snick_wrapper_timing_summary_routed.rpx -warn_on_violation 
INFO: [Timing 38-91] UpdateTimingParams: Speed grade: -3, Delay Type: min_max, Timing Stage: Requireds.
INFO: [Timing 38-191] Multithreading enabled for timing update using a maximum of 2 CPUs
INFO: [runtcl-4] Executing : report_incremental_reuse -file gcd_zynq_snick_wrapper_incremental_reuse_routed.rpt
INFO: [Vivado_Tcl 4-545] No incremental reuse to report, no incremental placement and routing data was found.
INFO: [runtcl-4] Executing : report_clock_utilization -file gcd_zynq_snick_wrapper_clock_utilization_routed.rpt
INFO: [runtcl-4] Executing : report_bus_skew -warn_on_violation -file gcd_zynq_snick_wrapper_bus_skew_routed.rpt -pb gcd_zynq_snick_wrapper_bus_skew_routed.pb -rpx gcd_zynq_snick_wrapper_bus_skew_routed.rpx
INFO: [Timing 38-91] UpdateTimingParams: Speed grade: -3, Delay Type: min_max, Timing Stage: Requireds.
INFO: [Timing 38-191] Multithreading enabled for timing update using a maximum of 2 CPUs
Command: write_bitstream -force gcd_zynq_snick_wrapper.bit
Attempting to get a license for feature 'Implementation' and/or device 'xc7z020'
INFO: [Common 17-349] Got license for feature 'Implementation' and/or device 'xc7z020'
Running DRC as a precondition to command write_bitstream
INFO: [DRC 23-27] Running DRC with 2 threads
INFO: [Vivado 12-3199] DRC finished with 0 Errors
INFO: [Vivado 12-3200] Please refer to the DRC report (report_drc) for more information.
INFO: [Designutils 20-2272] Running write_bitstream with 2 threads.
Loading data files...
Loading site data...
Loading route data...
Processing options...
Creating bitmap...
Creating bitstream...
Writing bitstream ./gcd_zynq_snick_wrapper.bit...
INFO: [Vivado 12-1842] Bitgen Completed Successfully.
INFO: [Project 1-120] WebTalk data collection is mandatory when using a WebPACK part without a full Vivado license. To see the specific WebTalk data collected for your design, open the usage_statistics_webtalk.html or usage_statistics_webtalk.xml file in the implementation directory.
INFO: [Common 17-186] 'D:/github/Digital-Hardware-Modelling/xilinx-vivado/gcd_snickerdoodle/gcd_snickerdoodle.runs/impl_1/usage_statistics_webtalk.xml' has been successfully sent to Xilinx on Tue Sep 17 19:48:52 2019. For additional details about this file, please refer to the WebTalk help file at C:/Xilinx/Vivado/2018.2/doc/webtalk_introduction.html.
INFO: [Common 17-83] Releasing license: Implementation
99 Infos, 0 Warnings, 0 Critical Warnings and 0 Errors encountered.
write_bitstream completed successfully
write_bitstream: Time (s): cpu = 00:00:21 ; elapsed = 00:00:21 . Memory (MB): peak = 1823.355 ; gain = 397.355
INFO: [Common 17-206] Exiting Vivado at Tue Sep 17 19:48:53 2019...
