#-----------------------------------------------------------
# Webtalk v2017.4.1 (64-bit)
# SW Build 2117270 on Tue Jan 30 15:32:00 MST 2018
# 
# Start of session at: Wed Apr  4 23:44:14 2018
# Process ID: 4832
# Current directory: D:/github/Digital-Hardware-Modelling/xilinx-sdk/webtalk
# Command line: wbtcv.exe -mode batch -source sdk_webtalk.tcl
# Log file: D:/github/Digital-Hardware-Modelling/xilinx-sdk/webtalk/webtalk.log
# Journal file: D:/github/Digital-Hardware-Modelling/xilinx-sdk/webtalk\webtalk.jou
#-----------------------------------------------------------
source sdk_webtalk.tcl
# webtalk_init -webtalk_dir D:\\github\\Digital-Hardware-Modelling\\xilinx-sdk\\webtalk
# webtalk_register_client -client project
# webtalk_add_data -client project -key date_generated -value "2018-04-04 23:44:12" -context "software_version_and_target_device"
# webtalk_add_data -client project -key product_version -value "SDK v2017.4" -context "software_version_and_target_device"
# webtalk_add_data -client project -key build_version -value "2017.4" -context "software_version_and_target_device"
# webtalk_add_data -client project -key os_platform -value "amd64" -context "software_version_and_target_device"
# webtalk_add_data -client project -key registration_id -value "211512942_0_0_565" -context "software_version_and_target_device"
# webtalk_add_data -client project -key tool_flow -value "SDK" -context "software_version_and_target_device"
# webtalk_add_data -client project -key beta -value "false" -context "software_version_and_target_device"
# webtalk_add_data -client project -key route_design -value "NA" -context "software_version_and_target_device"
# webtalk_add_data -client project -key target_family -value "NA" -context "software_version_and_target_device"
# webtalk_add_data -client project -key target_device -value "NA" -context "software_version_and_target_device"
# webtalk_add_data -client project -key target_package -value "NA" -context "software_version_and_target_device"
# webtalk_add_data -client project -key target_speed -value "NA" -context "software_version_and_target_device"
# webtalk_add_data -client project -key random_id -value "7afdmeg8ocsro5lm8p2ecidmic" -context "software_version_and_target_device"
# webtalk_add_data -client project -key project_id -value "2017.4_2" -context "software_version_and_target_device"
# webtalk_add_data -client project -key project_iteration -value "2" -context "software_version_and_target_device"
# webtalk_add_data -client project -key os_name -value "Microsoft Windows 7 , 64-bit" -context "user_environment"
# webtalk_add_data -client project -key os_release -value "Service Pack 1  (build 7601)" -context "user_environment"
# webtalk_add_data -client project -key cpu_name -value "Intel(R) Core(TM) i7-6700HQ CPU @ 2.60GHz" -context "user_environment"
# webtalk_add_data -client project -key cpu_speed -value "2592 MHz" -context "user_environment"
# webtalk_add_data -client project -key total_processors -value "1" -context "user_environment"
# webtalk_add_data -client project -key system_ram -value "16.999 GB" -context "user_environment"
# webtalk_register_client -client sdk
# webtalk_add_data -client sdk -key uid -value "1522864999844" -context "sdk\\\\hardware/1522864999844"
# webtalk_add_data -client sdk -key isZynq -value "true" -context "sdk\\\\hardware/1522864999844"
# webtalk_add_data -client sdk -key isZynqMP -value "false" -context "sdk\\\\hardware/1522864999844"
# webtalk_add_data -client sdk -key Processors -value "2" -context "sdk\\\\hardware/1522864999844"
# webtalk_add_data -client sdk -key VivadoVersion -value "2016.3.0" -context "sdk\\\\hardware/1522864999844"
# webtalk_add_data -client sdk -key Arch -value "zynq" -context "sdk\\\\hardware/1522864999844"
# webtalk_add_data -client sdk -key Device -value "7z020" -context "sdk\\\\hardware/1522864999844"
# webtalk_add_data -client sdk -key IsHandoff -value "true" -context "sdk\\\\hardware/1522864999844"
# webtalk_add_data -client sdk -key os -value "NA" -context "sdk\\\\hardware/1522864999844"
# webtalk_add_data -client sdk -key apptemplate -value "NA" -context "sdk\\\\hardware/1522864999844"
# webtalk_add_data -client sdk -key RecordType -value "HWCreation" -context "sdk\\\\hardware/1522864999844"
# webtalk_add_data -client sdk -key uid -value "1522865000028" -context "sdk\\\\bsp/1522865000028"
# webtalk_add_data -client sdk -key hwid -value "1522864999844" -context "sdk\\\\bsp/1522865000028"
# webtalk_add_data -client sdk -key os -value "standalone" -context "sdk\\\\bsp/1522865000028"
# webtalk_add_data -client sdk -key apptemplate -value "empty_application" -context "sdk\\\\bsp/1522865000028"
# webtalk_add_data -client sdk -key RecordType -value "BSPCreation" -context "sdk\\\\bsp/1522865000028"
# webtalk_add_data -client sdk -key uid -value "1522865001973" -context "sdk\\\\application/1522865001973"
# webtalk_add_data -client sdk -key hwid -value "1522864999844" -context "sdk\\\\application/1522865001973"
# webtalk_add_data -client sdk -key bspid -value "1522865000028" -context "sdk\\\\application/1522865001973"
# webtalk_add_data -client sdk -key newbsp -value "true" -context "sdk\\\\application/1522865001973"
# webtalk_add_data -client sdk -key os -value "standalone" -context "sdk\\\\application/1522865001973"
# webtalk_add_data -client sdk -key apptemplate -value "empty_application" -context "sdk\\\\application/1522865001973"
# webtalk_add_data -client sdk -key RecordType -value "APPCreation" -context "sdk\\\\application/1522865001973"
# webtalk_add_data -client sdk -key LangUsed -value "CPP" -context "sdk\\\\application/1522865001973"
# webtalk_add_data -client sdk -key Procused -value "ps7_cortexa9" -context "sdk\\\\application/1522865001973"
# webtalk_add_data -client sdk -key projSize -value "1459.7734375" -context "sdk\\\\application/1522865001973"
# webtalk_add_data -client sdk -key uid -value "NA" -context "sdk\\\\bsp/1522865652970"
# webtalk_add_data -client sdk -key RecordType -value "ToolUsage" -context "sdk\\\\bsp/1522865652970"
# webtalk_add_data -client sdk -key BootgenCount -value "0" -context "sdk\\\\bsp/1522865652970"
# webtalk_add_data -client sdk -key DebugCount -value "1" -context "sdk\\\\bsp/1522865652970"
# webtalk_add_data -client sdk -key PerfCount -value "0" -context "sdk\\\\bsp/1522865652970"
# webtalk_add_data -client sdk -key FlashCount -value "0" -context "sdk\\\\bsp/1522865652970"
# webtalk_add_data -client sdk -key CrossTriggCount -value "0" -context "sdk\\\\bsp/1522865652970"
# webtalk_add_data -client sdk -key QemuDebugCount -value "0" -context "sdk\\\\bsp/1522865652970"
# webtalk_transmit -clientid 3194432314 -regid "211512942_0_0_565" -xml D:\\github\\Digital-Hardware-Modelling\\xilinx-sdk\\webtalk\\usage_statistics_ext_sdk.xml -html D:\\github\\Digital-Hardware-Modelling\\xilinx-sdk\\webtalk\\usage_statistics_ext_sdk.html -wdm D:\\github\\Digital-Hardware-Modelling\\xilinx-sdk\\webtalk\\sdk_webtalk.wdm -intro "<H3>SDK Usage Report</H3><BR>"
# webtalk_terminate
INFO: [Common 17-206] Exiting Webtalk at Wed Apr  4 23:44:15 2018...
