#-----------------------------------------------------------
# Webtalk v2018.2 (64-bit)
# SW Build 2258646 on Thu Jun 14 20:03:12 MDT 2018
# 
# Start of session at: Sun Sep 22 03:20:31 2019
# Process ID: 18068
# Current directory: D:/github/Digital-Hardware-Modelling/xilinx-vivado/hls_tutorial_lab1/hls_tutorial_lab1.sdk/webtalk
# Command line: wbtcv.exe -mode batch -source sdk_webtalk.tcl
# Log file: D:/github/Digital-Hardware-Modelling/xilinx-vivado/hls_tutorial_lab1/hls_tutorial_lab1.sdk/webtalk/webtalk.log
# Journal file: D:/github/Digital-Hardware-Modelling/xilinx-vivado/hls_tutorial_lab1/hls_tutorial_lab1.sdk/webtalk\webtalk.jou
#-----------------------------------------------------------
source sdk_webtalk.tcl
# webtalk_init -webtalk_dir D:\\github\\Digital-Hardware-Modelling\\xilinx-vivado\\hls_tutorial_lab1\\hls_tutorial_lab1.sdk\\webtalk
# webtalk_register_client -client project
# webtalk_add_data -client project -key date_generated -value "2019-09-22 03:20:22" -context "software_version_and_target_device"
# webtalk_add_data -client project -key product_version -value "SDK v2018.2" -context "software_version_and_target_device"
# webtalk_add_data -client project -key build_version -value "2018.2" -context "software_version_and_target_device"
# webtalk_add_data -client project -key os_platform -value "amd64" -context "software_version_and_target_device"
# webtalk_add_data -client project -key registration_id -value "211512942_1777533573_210679690_827" -context "software_version_and_target_device"
# webtalk_add_data -client project -key tool_flow -value "SDK" -context "software_version_and_target_device"
# webtalk_add_data -client project -key beta -value "false" -context "software_version_and_target_device"
# webtalk_add_data -client project -key route_design -value "NA" -context "software_version_and_target_device"
# webtalk_add_data -client project -key target_family -value "NA" -context "software_version_and_target_device"
# webtalk_add_data -client project -key target_device -value "NA" -context "software_version_and_target_device"
# webtalk_add_data -client project -key target_package -value "NA" -context "software_version_and_target_device"
# webtalk_add_data -client project -key target_speed -value "NA" -context "software_version_and_target_device"
# webtalk_add_data -client project -key random_id -value "c0ome4rhqqco1osfl3pdv5q9pg" -context "software_version_and_target_device"
# webtalk_add_data -client project -key project_id -value "2018.2_6" -context "software_version_and_target_device"
# webtalk_add_data -client project -key project_iteration -value "6" -context "software_version_and_target_device"
# webtalk_add_data -client project -key os_name -value "Microsoft Windows 7 , 64-bit" -context "user_environment"
# webtalk_add_data -client project -key os_release -value "Service Pack 1  (build 7601)" -context "user_environment"
# webtalk_add_data -client project -key cpu_name -value "Intel(R) Core(TM) i7-6700HQ CPU @ 2.60GHz" -context "user_environment"
# webtalk_add_data -client project -key cpu_speed -value "2592 MHz" -context "user_environment"
# webtalk_add_data -client project -key total_processors -value "1" -context "user_environment"
# webtalk_add_data -client project -key system_ram -value "16.999 GB" -context "user_environment"
# webtalk_register_client -client sdk
# webtalk_add_data -client sdk -key uid -value "1569138357187" -context "sdk\\\\hardware/1569138357187"
# webtalk_add_data -client sdk -key isZynq -value "true" -context "sdk\\\\hardware/1569138357187"
# webtalk_add_data -client sdk -key isZynqMP -value "false" -context "sdk\\\\hardware/1569138357187"
# webtalk_add_data -client sdk -key Processors -value "2" -context "sdk\\\\hardware/1569138357187"
# webtalk_add_data -client sdk -key VivadoVersion -value "2018.2" -context "sdk\\\\hardware/1569138357187"
# webtalk_add_data -client sdk -key Arch -value "zynq" -context "sdk\\\\hardware/1569138357187"
# webtalk_add_data -client sdk -key Device -value "7z010" -context "sdk\\\\hardware/1569138357187"
# webtalk_add_data -client sdk -key IsHandoff -value "true" -context "sdk\\\\hardware/1569138357187"
# webtalk_add_data -client sdk -key os -value "NA" -context "sdk\\\\hardware/1569138357187"
# webtalk_add_data -client sdk -key apptemplate -value "NA" -context "sdk\\\\hardware/1569138357187"
# webtalk_add_data -client sdk -key RecordType -value "HWCreation" -context "sdk\\\\hardware/1569138357187"
# webtalk_add_data -client sdk -key uid -value "1569138427062" -context "sdk\\\\bsp/1569138427062"
# webtalk_add_data -client sdk -key hwid -value "1569138357187" -context "sdk\\\\bsp/1569138427062"
# webtalk_add_data -client sdk -key os -value "standalone" -context "sdk\\\\bsp/1569138427062"
# webtalk_add_data -client sdk -key apptemplate -value "hello_world" -context "sdk\\\\bsp/1569138427062"
# webtalk_add_data -client sdk -key RecordType -value "BSPCreation" -context "sdk\\\\bsp/1569138427062"
# webtalk_add_data -client sdk -key uid -value "1569138435891" -context "sdk\\\\application/1569138435891"
# webtalk_add_data -client sdk -key hwid -value "1569138357187" -context "sdk\\\\application/1569138435891"
# webtalk_add_data -client sdk -key bspid -value "1569138427062" -context "sdk\\\\application/1569138435891"
# webtalk_add_data -client sdk -key newbsp -value "true" -context "sdk\\\\application/1569138435891"
# webtalk_add_data -client sdk -key os -value "standalone" -context "sdk\\\\application/1569138435891"
# webtalk_add_data -client sdk -key apptemplate -value "hello_world" -context "sdk\\\\application/1569138435891"
# webtalk_add_data -client sdk -key RecordType -value "APPCreation" -context "sdk\\\\application/1569138435891"
# webtalk_add_data -client sdk -key LangUsed -value "C" -context "sdk\\\\application/1569138435891"
# webtalk_add_data -client sdk -key Procused -value "ps7_cortexa9" -context "sdk\\\\application/1569138435891"
# webtalk_add_data -client sdk -key projSize -value "688.44921875" -context "sdk\\\\application/1569138435891"
# webtalk_add_data -client sdk -key uid -value "NA" -context "sdk\\\\bsp/1569140422397"
# webtalk_add_data -client sdk -key RecordType -value "ToolUsage" -context "sdk\\\\bsp/1569140422397"
# webtalk_add_data -client sdk -key BootgenCount -value "0" -context "sdk\\\\bsp/1569140422397"
# webtalk_add_data -client sdk -key DebugCount -value "5" -context "sdk\\\\bsp/1569140422397"
# webtalk_add_data -client sdk -key PerfCount -value "0" -context "sdk\\\\bsp/1569140422397"
# webtalk_add_data -client sdk -key FlashCount -value "0" -context "sdk\\\\bsp/1569140422397"
# webtalk_add_data -client sdk -key CrossTriggCount -value "0" -context "sdk\\\\bsp/1569140422397"
# webtalk_add_data -client sdk -key QemuDebugCount -value "0" -context "sdk\\\\bsp/1569140422397"
# webtalk_transmit -clientid 2496227160 -regid "211512942_1777533573_210679690_827" -xml D:\\github\\Digital-Hardware-Modelling\\xilinx-vivado\\hls_tutorial_lab1\\hls_tutorial_lab1.sdk\\webtalk\\usage_statistics_ext_sdk.xml -html D:\\github\\Digital-Hardware-Modelling\\xilinx-vivado\\hls_tutorial_lab1\\hls_tutorial_lab1.sdk\\webtalk\\usage_statistics_ext_sdk.html -wdm D:\\github\\Digital-Hardware-Modelling\\xilinx-vivado\\hls_tutorial_lab1\\hls_tutorial_lab1.sdk\\webtalk\\sdk_webtalk.wdm -intro "<H3>SDK Usage Report</H3><BR>"
# webtalk_terminate
INFO: [Common 17-206] Exiting Webtalk at Sun Sep 22 03:20:31 2019...
