INFO: [XSIM 43-3496] Using init file passed via -initfile option "C:/Xilinx/Vivado/2018.2/data/xsim/ip/xsim_ip.ini".
Vivado Simulator 2018.2
Copyright 1986-1999, 2001-2018 Xilinx, Inc. All Rights Reserved.
Running: C:/Xilinx/Vivado/2018.2/bin/unwrapped/win64.o/xelab.exe xil_defaultlib.apatb_gcd_top glbl -prj gcd.prj -L smartconnect_v1_0 -L axi_protocol_checker_v1_1_12 -L axi_protocol_checker_v1_1_13 -L axis_protocol_checker_v1_1_11 -L axis_protocol_checker_v1_1_12 -L xil_defaultlib -L unisims_ver -L xpm --initfile C:/Xilinx/Vivado/2018.2/data/xsim/ip/xsim_ip.ini --lib ieee_proposed=./ieee_proposed -s gcd -debug wave 
Multi-threading is on. Using 6 slave threads.
INFO: [VRFC 10-2263] Analyzing SystemVerilog file "D:/github/Digital-Hardware-Modelling/xilinx-vivado-hls/gcd/solution1/sim/verilog/glbl.v" into library work
INFO: [VRFC 10-311] analyzing module glbl
INFO: [VRFC 10-2263] Analyzing SystemVerilog file "D:/github/Digital-Hardware-Modelling/xilinx-vivado-hls/gcd/solution1/sim/verilog/AESL_axi_slave_gcd_bus.v" into library xil_defaultlib
INFO: [VRFC 10-311] analyzing module AESL_axi_slave_gcd_bus
INFO: [VRFC 10-2263] Analyzing SystemVerilog file "D:/github/Digital-Hardware-Modelling/xilinx-vivado-hls/gcd/solution1/sim/verilog/gcd.autotb.v" into library xil_defaultlib
INFO: [VRFC 10-311] analyzing module apatb_gcd_top
INFO: [VRFC 10-2263] Analyzing SystemVerilog file "D:/github/Digital-Hardware-Modelling/xilinx-vivado-hls/gcd/solution1/sim/verilog/gcd.v" into library xil_defaultlib
INFO: [VRFC 10-311] analyzing module gcd
INFO: [VRFC 10-2263] Analyzing SystemVerilog file "D:/github/Digital-Hardware-Modelling/xilinx-vivado-hls/gcd/solution1/sim/verilog/gcd_gcd_bus_s_axi.v" into library xil_defaultlib
INFO: [VRFC 10-311] analyzing module gcd_gcd_bus_s_axi
Starting static elaboration
Completed static elaboration
Starting simulation data flow analysis
Completed simulation data flow analysis
Time Resolution for simulation is 1ps
Compiling module xil_defaultlib.gcd_gcd_bus_s_axi
Compiling module xil_defaultlib.gcd
Compiling module xil_defaultlib.AESL_axi_slave_gcd_bus
Compiling module xil_defaultlib.apatb_gcd_top
Compiling module work.glbl
Built simulation snapshot gcd
