23:31:16 INFO  : Registering command handlers for SDx TCF services
23:31:16 INFO  : Registering command handlers for SDK TCF services
23:31:16 INFO  : Validating SDSoC License...
23:31:16 INFO  : License available for SDSoC
23:31:16 INFO  : Validating SDAccel License...
23:31:16 INFO  : License for SDAccel is unavailable
23:31:16 INFO  : Launching XSCT server: xsct.bat -n -sdx -interactive D:\github\Digital-Hardware-Modelling\xilinx-sdx\2018.2\temp_xsdb_launch_script.tcl
23:31:21 INFO  : XSCT server has started successfully.
23:31:21 INFO  : plnx-install-location is set to ''
23:31:21 INFO  : Successfully done setting XSCT server connection channel  
23:31:22 INFO  : Successfully done setting SDK workspace  
23:39:23 INFO  : Launching XSCT server: xsct.bat -n -sdx -interactive D:\github\Digital-Hardware-Modelling\xilinx-sdx\2018.2\temp_xsdb_launch_script.tcl
23:39:27 INFO  : XSCT server has started successfully.
23:39:27 INFO  : plnx-install-location is set to ''
23:39:27 INFO  : Successfully done setting XSCT server connection channel  
23:39:27 INFO  : Successfully done setting SDK workspace  
23:39:33 INFO  : Registering command handlers for SDx TCF services
23:39:33 INFO  : Registering command handlers for SDK TCF services
23:39:54 INFO  : Validating SDSoC License...
23:39:54 INFO  : License available for SDSoC
23:39:54 INFO  : Validating SDAccel License...
23:39:54 INFO  : License for SDAccel is unavailable
15:13:29 INFO  : Launching XSCT server: xsct.bat -n -sdx -interactive D:\github\Digital-Hardware-Modelling\xilinx-sdx\2018.2\temp_xsdb_launch_script.tcl
15:13:40 INFO  : XSCT server has started successfully.
15:13:40 INFO  : plnx-install-location is set to ''
15:13:41 INFO  : Successfully done setting XSCT server connection channel  
15:13:41 INFO  : Successfully done setting SDK workspace  
15:13:45 INFO  : Registering command handlers for SDx TCF services
15:13:45 INFO  : Registering command handlers for SDK TCF services
15:14:07 INFO  : Validating SDSoC License...
15:14:07 INFO  : License available for SDSoC
15:14:07 INFO  : Validating SDAccel License...
15:14:07 INFO  : License for SDAccel is unavailable
18:38:49 INFO  : Launching XSCT server: xsct.bat -n -sdx -interactive D:\github\Digital-Hardware-Modelling\xilinx-sdx\2018.2\temp_xsdb_launch_script.tcl
18:39:00 INFO  : XSCT server has started successfully.
18:39:00 INFO  : plnx-install-location is set to ''
18:39:00 INFO  : Successfully done setting XSCT server connection channel  
18:39:01 INFO  : Successfully done setting SDK workspace  
18:39:05 INFO  : Registering command handlers for SDx TCF services
18:39:05 INFO  : Registering command handlers for SDK TCF services
18:39:41 INFO  : Validating SDSoC License...
18:39:41 INFO  : License available for SDSoC
18:39:41 INFO  : Validating SDAccel License...
18:39:41 INFO  : License for SDAccel is unavailable
