
*** Running vivado
    with args -log design_1_wrapper.vdi -applog -m64 -product Vivado -messageDb vivado.pb -mode batch -source design_1_wrapper.tcl -notrace


****** Vivado v2018.2 (64-bit)
  **** SW Build 2258646 on Thu Jun 14 20:03:12 MDT 2018
  **** IP Build 2256618 on Thu Jun 14 22:10:49 MDT 2018
    ** Copyright 1986-2018 Xilinx, Inc. All Rights Reserved.

source design_1_wrapper.tcl -notrace
INFO: [IP_Flow 19-234] Refreshing IP repositories
INFO: [IP_Flow 19-1700] Loaded user IP repository 'd:/github/Digital-Hardware-Modelling/xilinx-vivado-hls/pointer_basic/proj_pointer_basic/solution2/impl/ip'.
INFO: [IP_Flow 19-2313] Loaded Vivado IP repository 'C:/Xilinx/Vivado/2018.2/data/ip'.
Command: link_design -top design_1_wrapper -part xc7z010clg400-1
Design is defaulting to srcset: sources_1
Design is defaulting to constrset: constrs_1
INFO: [Project 1-454] Reading design checkpoint 'd:/github/Digital-Hardware-Modelling/xilinx-vivado/proj_pointer_basic_hls_ip_integ/proj_pointer_basic_hls_ip_integ.srcs/sources_1/bd/design_1/ip/design_1_pointer_basic_0_1/design_1_pointer_basic_0_1.dcp' for cell 'design_1_i/pointer_basic_0'
INFO: [Project 1-454] Reading design checkpoint 'd:/github/Digital-Hardware-Modelling/xilinx-vivado/proj_pointer_basic_hls_ip_integ/proj_pointer_basic_hls_ip_integ.srcs/sources_1/bd/design_1/ip/design_1_processing_system7_0_2/design_1_processing_system7_0_2.dcp' for cell 'design_1_i/processing_system7_0'
INFO: [Project 1-454] Reading design checkpoint 'd:/github/Digital-Hardware-Modelling/xilinx-vivado/proj_pointer_basic_hls_ip_integ/proj_pointer_basic_hls_ip_integ.srcs/sources_1/bd/design_1/ip/design_1_rst_ps7_0_50M_0/design_1_rst_ps7_0_50M_0.dcp' for cell 'design_1_i/rst_ps7_0_50M'
INFO: [Project 1-454] Reading design checkpoint 'd:/github/Digital-Hardware-Modelling/xilinx-vivado/proj_pointer_basic_hls_ip_integ/proj_pointer_basic_hls_ip_integ.srcs/sources_1/bd/design_1/ip/design_1_auto_pc_0_1/design_1_auto_pc_0.dcp' for cell 'design_1_i/ps7_0_axi_periph/s00_couplers/auto_pc'
INFO: [Netlist 29-17] Analyzing 27 Unisim elements for replacement
INFO: [Netlist 29-28] Unisim Transformation completed in 0 CPU seconds
INFO: [Project 1-479] Netlist was created with Vivado 2018.2
INFO: [Device 21-403] Loading part xc7z010clg400-1
INFO: [Project 1-570] Preparing netlist for logic optimization
Parsing XDC File [d:/github/Digital-Hardware-Modelling/xilinx-vivado/proj_pointer_basic_hls_ip_integ/proj_pointer_basic_hls_ip_integ.srcs/sources_1/bd/design_1/ip/design_1_rst_ps7_0_50M_0/design_1_rst_ps7_0_50M_0_board.xdc] for cell 'design_1_i/rst_ps7_0_50M/U0'
Finished Parsing XDC File [d:/github/Digital-Hardware-Modelling/xilinx-vivado/proj_pointer_basic_hls_ip_integ/proj_pointer_basic_hls_ip_integ.srcs/sources_1/bd/design_1/ip/design_1_rst_ps7_0_50M_0/design_1_rst_ps7_0_50M_0_board.xdc] for cell 'design_1_i/rst_ps7_0_50M/U0'
Parsing XDC File [d:/github/Digital-Hardware-Modelling/xilinx-vivado/proj_pointer_basic_hls_ip_integ/proj_pointer_basic_hls_ip_integ.srcs/sources_1/bd/design_1/ip/design_1_rst_ps7_0_50M_0/design_1_rst_ps7_0_50M_0.xdc] for cell 'design_1_i/rst_ps7_0_50M/U0'
Finished Parsing XDC File [d:/github/Digital-Hardware-Modelling/xilinx-vivado/proj_pointer_basic_hls_ip_integ/proj_pointer_basic_hls_ip_integ.srcs/sources_1/bd/design_1/ip/design_1_rst_ps7_0_50M_0/design_1_rst_ps7_0_50M_0.xdc] for cell 'design_1_i/rst_ps7_0_50M/U0'
Parsing XDC File [d:/github/Digital-Hardware-Modelling/xilinx-vivado/proj_pointer_basic_hls_ip_integ/proj_pointer_basic_hls_ip_integ.srcs/sources_1/bd/design_1/ip/design_1_processing_system7_0_2/design_1_processing_system7_0_2.xdc] for cell 'design_1_i/processing_system7_0/inst'
Finished Parsing XDC File [d:/github/Digital-Hardware-Modelling/xilinx-vivado/proj_pointer_basic_hls_ip_integ/proj_pointer_basic_hls_ip_integ.srcs/sources_1/bd/design_1/ip/design_1_processing_system7_0_2/design_1_processing_system7_0_2.xdc] for cell 'design_1_i/processing_system7_0/inst'
Parsing XDC File [D:/github/Digital-Hardware-Modelling/xilinx-vivado/proj_pointer_basic_hls_ip_integ/proj_pointer_basic_hls_ip_integ.srcs/constrs_1/new/constraints.xdc]
Finished Parsing XDC File [D:/github/Digital-Hardware-Modelling/xilinx-vivado/proj_pointer_basic_hls_ip_integ/proj_pointer_basic_hls_ip_integ.srcs/constrs_1/new/constraints.xdc]
INFO: [Opt 31-138] Pushed 0 inverter(s) to 0 load pin(s).
INFO: [Project 1-111] Unisim Transformation Summary:
No Unisim elements were transformed.

14 Infos, 0 Warnings, 0 Critical Warnings and 0 Errors encountered.
link_design completed successfully
link_design: Time (s): cpu = 00:00:56 ; elapsed = 00:01:38 . Memory (MB): peak = 683.359 ; gain = 361.344
Command: opt_design
Attempting to get a license for feature 'Implementation' and/or device 'xc7z010'
INFO: [Common 17-349] Got license for feature 'Implementation' and/or device 'xc7z010'
Running DRC as a precondition to command opt_design

Starting DRC Task
INFO: [DRC 23-27] Running DRC with 2 threads
INFO: [Project 1-461] DRC finished with 0 Errors
INFO: [Project 1-462] Please refer to the DRC report (report_drc) for more information.

Time (s): cpu = 00:00:03 ; elapsed = 00:00:02 . Memory (MB): peak = 692.266 ; gain = 8.906

Starting Cache Timing Information Task
INFO: [Timing 38-35] Done setting XDC timing constraints.
Ending Cache Timing Information Task | Checksum: 19951cbfa

Time (s): cpu = 00:00:36 ; elapsed = 00:00:38 . Memory (MB): peak = 1205.461 ; gain = 512.820

Starting Logic Optimization Task

Phase 1 Retarget
INFO: [Opt 31-138] Pushed 0 inverter(s) to 0 load pin(s).
INFO: [Opt 31-49] Retargeted 0 cell(s).
Phase 1 Retarget | Checksum: 257c7ca25

Time (s): cpu = 00:00:00 ; elapsed = 00:00:00.354 . Memory (MB): peak = 1205.461 ; gain = 0.000
INFO: [Opt 31-389] Phase Retarget created 0 cells and removed 0 cells

Phase 2 Constant propagation
INFO: [Opt 31-138] Pushed 0 inverter(s) to 0 load pin(s).
Phase 2 Constant propagation | Checksum: 20cc98cb9

Time (s): cpu = 00:00:00 ; elapsed = 00:00:00.467 . Memory (MB): peak = 1205.461 ; gain = 0.000
INFO: [Opt 31-389] Phase Constant propagation created 0 cells and removed 9 cells

Phase 3 Sweep
Phase 3 Sweep | Checksum: 209f87d4d

Time (s): cpu = 00:00:01 ; elapsed = 00:00:01 . Memory (MB): peak = 1205.461 ; gain = 0.000
INFO: [Opt 31-389] Phase Sweep created 0 cells and removed 325 cells

Phase 4 BUFG optimization
Phase 4 BUFG optimization | Checksum: 209f87d4d

Time (s): cpu = 00:00:01 ; elapsed = 00:00:02 . Memory (MB): peak = 1205.461 ; gain = 0.000
INFO: [Opt 31-662] Phase BUFG optimization created 0 cells of which 0 are BUFGs and removed 0 cells.

Phase 5 Shift Register Optimization
Phase 5 Shift Register Optimization | Checksum: 239cfe5ef

Time (s): cpu = 00:00:02 ; elapsed = 00:00:02 . Memory (MB): peak = 1205.461 ; gain = 0.000
INFO: [Opt 31-389] Phase Shift Register Optimization created 0 cells and removed 0 cells

Phase 6 Post Processing Netlist
Phase 6 Post Processing Netlist | Checksum: 239cfe5ef

Time (s): cpu = 00:00:02 ; elapsed = 00:00:02 . Memory (MB): peak = 1205.461 ; gain = 0.000
INFO: [Opt 31-389] Phase Post Processing Netlist created 0 cells and removed 0 cells

Starting Connectivity Check Task

Time (s): cpu = 00:00:00 ; elapsed = 00:00:00.013 . Memory (MB): peak = 1205.461 ; gain = 0.000
Ending Logic Optimization Task | Checksum: 239cfe5ef

Time (s): cpu = 00:00:02 ; elapsed = 00:00:02 . Memory (MB): peak = 1205.461 ; gain = 0.000

Starting Power Optimization Task
INFO: [Pwropt 34-132] Skipping clock gating for clocks with a period < 2.00 ns.
Ending Power Optimization Task | Checksum: 239cfe5ef

Time (s): cpu = 00:00:00 ; elapsed = 00:00:00.071 . Memory (MB): peak = 1205.461 ; gain = 0.000

Starting Final Cleanup Task
Ending Final Cleanup Task | Checksum: 239cfe5ef

Time (s): cpu = 00:00:00 ; elapsed = 00:00:00 . Memory (MB): peak = 1205.461 ; gain = 0.000
INFO: [Common 17-83] Releasing license: Implementation
30 Infos, 0 Warnings, 0 Critical Warnings and 0 Errors encountered.
opt_design completed successfully
opt_design: Time (s): cpu = 00:00:41 ; elapsed = 00:00:43 . Memory (MB): peak = 1205.461 ; gain = 522.102
INFO: [Timing 38-480] Writing timing data to binary archive.
Writing placer database...
Writing XDEF routing.
Writing XDEF routing logical nets.
Writing XDEF routing special nets.
Write XDEF Complete: Time (s): cpu = 00:00:01 ; elapsed = 00:00:00.208 . Memory (MB): peak = 1205.461 ; gain = 0.000
INFO: [Common 17-1381] The checkpoint 'D:/github/Digital-Hardware-Modelling/xilinx-vivado/proj_pointer_basic_hls_ip_integ/proj_pointer_basic_hls_ip_integ.runs/impl_1/design_1_wrapper_opt.dcp' has been generated.
INFO: [runtcl-4] Executing : report_drc -file design_1_wrapper_drc_opted.rpt -pb design_1_wrapper_drc_opted.pb -rpx design_1_wrapper_drc_opted.rpx
Command: report_drc -file design_1_wrapper_drc_opted.rpt -pb design_1_wrapper_drc_opted.pb -rpx design_1_wrapper_drc_opted.rpx
INFO: [DRC 23-27] Running DRC with 2 threads
INFO: [Coretcl 2-168] The results of DRC are in file D:/github/Digital-Hardware-Modelling/xilinx-vivado/proj_pointer_basic_hls_ip_integ/proj_pointer_basic_hls_ip_integ.runs/impl_1/design_1_wrapper_drc_opted.rpt.
report_drc completed successfully
Command: place_design
Attempting to get a license for feature 'Implementation' and/or device 'xc7z010'
INFO: [Common 17-349] Got license for feature 'Implementation' and/or device 'xc7z010'
INFO: [DRC 23-27] Running DRC with 2 threads
INFO: [Vivado_Tcl 4-198] DRC finished with 0 Errors
INFO: [Vivado_Tcl 4-199] Please refer to the DRC report (report_drc) for more information.
Running DRC as a precondition to command place_design
INFO: [DRC 23-27] Running DRC with 2 threads
INFO: [Vivado_Tcl 4-198] DRC finished with 0 Errors
INFO: [Vivado_Tcl 4-199] Please refer to the DRC report (report_drc) for more information.

Starting Placer Task
INFO: [Place 30-611] Multithreading enabled for place_design using a maximum of 2 CPUs

Phase 1 Placer Initialization

Phase 1.1 Placer Initialization Netlist Sorting
Netlist sorting complete. Time (s): cpu = 00:00:00 ; elapsed = 00:00:00.005 . Memory (MB): peak = 1205.461 ; gain = 0.000
Phase 1.1 Placer Initialization Netlist Sorting | Checksum: 16b8f5158

Time (s): cpu = 00:00:00 ; elapsed = 00:00:00.024 . Memory (MB): peak = 1205.461 ; gain = 0.000
Netlist sorting complete. Time (s): cpu = 00:00:00 ; elapsed = 00:00:00.004 . Memory (MB): peak = 1205.461 ; gain = 0.000

Phase 1.2 IO Placement/ Clock Placement/ Build Placer Device
INFO: [Timing 38-35] Done setting XDC timing constraints.
Phase 1.2 IO Placement/ Clock Placement/ Build Placer Device | Checksum: 7b9007e3

Time (s): cpu = 00:00:04 ; elapsed = 00:00:05 . Memory (MB): peak = 1205.461 ; gain = 0.000

Phase 1.3 Build Placer Netlist Model
Phase 1.3 Build Placer Netlist Model | Checksum: 87de7ec8

Time (s): cpu = 00:00:05 ; elapsed = 00:00:06 . Memory (MB): peak = 1205.461 ; gain = 0.000

Phase 1.4 Constrain Clocks/Macros
Phase 1.4 Constrain Clocks/Macros | Checksum: 87de7ec8

Time (s): cpu = 00:00:05 ; elapsed = 00:00:06 . Memory (MB): peak = 1205.461 ; gain = 0.000
Phase 1 Placer Initialization | Checksum: 87de7ec8

Time (s): cpu = 00:00:05 ; elapsed = 00:00:06 . Memory (MB): peak = 1205.461 ; gain = 0.000

Phase 2 Global Placement

Phase 2.1 Floorplanning
Phase 2.1 Floorplanning | Checksum: 2d5c24aa

Time (s): cpu = 00:00:06 ; elapsed = 00:00:06 . Memory (MB): peak = 1205.461 ; gain = 0.000

Phase 2.2 Physical Synthesis In Placer
INFO: [Physopt 32-65] No nets found for high-fanout optimization.
INFO: [Physopt 32-232] Optimized 0 net. Created 0 new instance.
INFO: [Physopt 32-775] End 1 Pass. Optimized 0 net or cell. Created 0 new cell, deleted 0 existing cell and moved 0 existing cell
Netlist sorting complete. Time (s): cpu = 00:00:00 ; elapsed = 00:00:00.008 . Memory (MB): peak = 1205.461 ; gain = 0.000

Summary of Physical Synthesis Optimizations
============================================


-----------------------------------------------------------------------------------------------------------------------------
|  Optimization       |  Added Cells  |  Removed Cells  |  Optimized Cells/Nets  |  Dont Touch  |  Iterations  |  Elapsed   |
-----------------------------------------------------------------------------------------------------------------------------
|  Very High Fanout   |            0  |              0  |                     0  |           0  |           1  |  00:00:00  |
|  Total              |            0  |              0  |                     0  |           0  |           1  |  00:00:00  |
-----------------------------------------------------------------------------------------------------------------------------


Phase 2.2 Physical Synthesis In Placer | Checksum: 93ad85d8

Time (s): cpu = 00:00:14 ; elapsed = 00:00:10 . Memory (MB): peak = 1205.461 ; gain = 0.000
Phase 2 Global Placement | Checksum: 1cdf828b

Time (s): cpu = 00:00:14 ; elapsed = 00:00:11 . Memory (MB): peak = 1205.461 ; gain = 0.000

Phase 3 Detail Placement

Phase 3.1 Commit Multi Column Macros
Phase 3.1 Commit Multi Column Macros | Checksum: 1cdf828b

Time (s): cpu = 00:00:14 ; elapsed = 00:00:11 . Memory (MB): peak = 1205.461 ; gain = 0.000

Phase 3.2 Commit Most Macros & LUTRAMs
Phase 3.2 Commit Most Macros & LUTRAMs | Checksum: 1a0530068

Time (s): cpu = 00:00:15 ; elapsed = 00:00:11 . Memory (MB): peak = 1205.461 ; gain = 0.000

Phase 3.3 Area Swap Optimization
Phase 3.3 Area Swap Optimization | Checksum: 10dca40ef

Time (s): cpu = 00:00:15 ; elapsed = 00:00:11 . Memory (MB): peak = 1205.461 ; gain = 0.000

Phase 3.4 Pipeline Register Optimization
Phase 3.4 Pipeline Register Optimization | Checksum: 10dca40ef

Time (s): cpu = 00:00:15 ; elapsed = 00:00:11 . Memory (MB): peak = 1205.461 ; gain = 0.000

Phase 3.5 Small Shape Detail Placement
Phase 3.5 Small Shape Detail Placement | Checksum: a362138e

Time (s): cpu = 00:00:17 ; elapsed = 00:00:13 . Memory (MB): peak = 1205.461 ; gain = 0.000

Phase 3.6 Re-assign LUT pins
Phase 3.6 Re-assign LUT pins | Checksum: d996718a

Time (s): cpu = 00:00:17 ; elapsed = 00:00:13 . Memory (MB): peak = 1205.461 ; gain = 0.000

Phase 3.7 Pipeline Register Optimization
Phase 3.7 Pipeline Register Optimization | Checksum: d996718a

Time (s): cpu = 00:00:17 ; elapsed = 00:00:13 . Memory (MB): peak = 1205.461 ; gain = 0.000
Phase 3 Detail Placement | Checksum: d996718a

Time (s): cpu = 00:00:17 ; elapsed = 00:00:13 . Memory (MB): peak = 1205.461 ; gain = 0.000

Phase 4 Post Placement Optimization and Clean-Up

Phase 4.1 Post Commit Optimization
INFO: [Timing 38-35] Done setting XDC timing constraints.

Phase 4.1.1 Post Placement Optimization
Post Placement Optimization Initialization | Checksum: 100138283

Phase 4.1.1.1 BUFG Insertion
INFO: [Place 46-31] BUFG insertion identified 0 candidate nets, 0 success, 0 skipped for placement/routing, 0 skipped for timing, 0 skipped for netlist change reason.
Phase 4.1.1.1 BUFG Insertion | Checksum: 100138283

Time (s): cpu = 00:00:18 ; elapsed = 00:00:13 . Memory (MB): peak = 1214.023 ; gain = 8.563
INFO: [Place 30-746] Post Placement Timing Summary WNS=14.073. For the most accurate timing information please run report_timing.
Phase 4.1.1 Post Placement Optimization | Checksum: 1863133d6

Time (s): cpu = 00:00:18 ; elapsed = 00:00:13 . Memory (MB): peak = 1214.023 ; gain = 8.563
Phase 4.1 Post Commit Optimization | Checksum: 1863133d6

Time (s): cpu = 00:00:18 ; elapsed = 00:00:13 . Memory (MB): peak = 1214.023 ; gain = 8.563

Phase 4.2 Post Placement Cleanup
Phase 4.2 Post Placement Cleanup | Checksum: 1863133d6

Time (s): cpu = 00:00:18 ; elapsed = 00:00:13 . Memory (MB): peak = 1214.023 ; gain = 8.563

Phase 4.3 Placer Reporting
Phase 4.3 Placer Reporting | Checksum: 1863133d6

Time (s): cpu = 00:00:18 ; elapsed = 00:00:14 . Memory (MB): peak = 1214.023 ; gain = 8.563

Phase 4.4 Final Placement Cleanup
Phase 4.4 Final Placement Cleanup | Checksum: 222347ff3

Time (s): cpu = 00:00:18 ; elapsed = 00:00:14 . Memory (MB): peak = 1214.023 ; gain = 8.563
Phase 4 Post Placement Optimization and Clean-Up | Checksum: 222347ff3

Time (s): cpu = 00:00:18 ; elapsed = 00:00:14 . Memory (MB): peak = 1214.023 ; gain = 8.563
Ending Placer Task | Checksum: 14dbfc341

Time (s): cpu = 00:00:18 ; elapsed = 00:00:14 . Memory (MB): peak = 1214.023 ; gain = 8.563
INFO: [Common 17-83] Releasing license: Implementation
51 Infos, 0 Warnings, 0 Critical Warnings and 0 Errors encountered.
place_design completed successfully
place_design: Time (s): cpu = 00:00:22 ; elapsed = 00:00:16 . Memory (MB): peak = 1214.023 ; gain = 8.563
INFO: [Timing 38-480] Writing timing data to binary archive.
Writing placer database...
Writing XDEF routing.
Writing XDEF routing logical nets.
Writing XDEF routing special nets.
Write XDEF Complete: Time (s): cpu = 00:00:01 ; elapsed = 00:00:00.408 . Memory (MB): peak = 1222.453 ; gain = 8.430
INFO: [Common 17-1381] The checkpoint 'D:/github/Digital-Hardware-Modelling/xilinx-vivado/proj_pointer_basic_hls_ip_integ/proj_pointer_basic_hls_ip_integ.runs/impl_1/design_1_wrapper_placed.dcp' has been generated.
INFO: [runtcl-4] Executing : report_io -file design_1_wrapper_io_placed.rpt
report_io: Time (s): cpu = 00:00:00 ; elapsed = 00:00:00.188 . Memory (MB): peak = 1222.453 ; gain = 0.000
INFO: [runtcl-4] Executing : report_utilization -file design_1_wrapper_utilization_placed.rpt -pb design_1_wrapper_utilization_placed.pb
report_utilization: Time (s): cpu = 00:00:00 ; elapsed = 00:00:00.114 . Memory (MB): peak = 1222.453 ; gain = 0.000
INFO: [runtcl-4] Executing : report_control_sets -verbose -file design_1_wrapper_control_sets_placed.rpt
report_control_sets: Time (s): cpu = 00:00:00 ; elapsed = 00:00:00.027 . Memory (MB): peak = 1222.453 ; gain = 0.000
Command: route_design
Attempting to get a license for feature 'Implementation' and/or device 'xc7z010'
INFO: [Common 17-349] Got license for feature 'Implementation' and/or device 'xc7z010'
Running DRC as a precondition to command route_design
INFO: [DRC 23-27] Running DRC with 2 threads
INFO: [Vivado_Tcl 4-198] DRC finished with 0 Errors
INFO: [Vivado_Tcl 4-199] Please refer to the DRC report (report_drc) for more information.


Starting Routing Task
INFO: [Route 35-254] Multithreading enabled for route_design using a maximum of 2 CPUs
Checksum: PlaceDB: 9914be21 ConstDB: 0 ShapeSum: b4ab0520 RouteDB: 0

Phase 1 Build RT Design
Phase 1 Build RT Design | Checksum: f95eb484

Time (s): cpu = 00:00:41 ; elapsed = 00:00:37 . Memory (MB): peak = 1270.293 ; gain = 47.840
Post Restoration Checksum: NetGraph: 46180baa NumContArr: b346a8da Constraints: 0 Timing: 0

Phase 2 Router Initialization

Phase 2.1 Create Timer
Phase 2.1 Create Timer | Checksum: f95eb484

Time (s): cpu = 00:00:41 ; elapsed = 00:00:38 . Memory (MB): peak = 1270.293 ; gain = 47.840

Phase 2.2 Fix Topology Constraints
Phase 2.2 Fix Topology Constraints | Checksum: f95eb484

Time (s): cpu = 00:00:41 ; elapsed = 00:00:38 . Memory (MB): peak = 1276.289 ; gain = 53.836

Phase 2.3 Pre Route Cleanup
Phase 2.3 Pre Route Cleanup | Checksum: f95eb484

Time (s): cpu = 00:00:41 ; elapsed = 00:00:38 . Memory (MB): peak = 1276.289 ; gain = 53.836
 Number of Nodes with overlaps = 0

Phase 2.4 Update Timing
Phase 2.4 Update Timing | Checksum: 1de94a2c9

Time (s): cpu = 00:00:42 ; elapsed = 00:00:39 . Memory (MB): peak = 1282.582 ; gain = 60.129
INFO: [Route 35-416] Intermediate Timing Summary | WNS=14.011 | TNS=0.000  | WHS=-0.190 | THS=-15.323|

Phase 2 Router Initialization | Checksum: 203d81e58

Time (s): cpu = 00:00:43 ; elapsed = 00:00:39 . Memory (MB): peak = 1285.656 ; gain = 63.203

Phase 3 Initial Routing
Phase 3 Initial Routing | Checksum: 1243d6fe2

Time (s): cpu = 00:00:43 ; elapsed = 00:00:39 . Memory (MB): peak = 1285.656 ; gain = 63.203

Phase 4 Rip-up And Reroute

Phase 4.1 Global Iteration 0
 Number of Nodes with overlaps = 49
 Number of Nodes with overlaps = 0
INFO: [Route 35-416] Intermediate Timing Summary | WNS=13.962 | TNS=0.000  | WHS=N/A    | THS=N/A    |

Phase 4.1 Global Iteration 0 | Checksum: 2668203a8

Time (s): cpu = 00:00:45 ; elapsed = 00:00:40 . Memory (MB): peak = 1285.656 ; gain = 63.203

Phase 4.2 Global Iteration 1
 Number of Nodes with overlaps = 2
 Number of Nodes with overlaps = 0
INFO: [Route 35-416] Intermediate Timing Summary | WNS=13.962 | TNS=0.000  | WHS=N/A    | THS=N/A    |

Phase 4.2 Global Iteration 1 | Checksum: 201127369

Time (s): cpu = 00:00:45 ; elapsed = 00:00:40 . Memory (MB): peak = 1285.656 ; gain = 63.203
Phase 4 Rip-up And Reroute | Checksum: 201127369

Time (s): cpu = 00:00:45 ; elapsed = 00:00:40 . Memory (MB): peak = 1285.656 ; gain = 63.203

Phase 5 Delay and Skew Optimization

Phase 5.1 Delay CleanUp
Phase 5.1 Delay CleanUp | Checksum: 201127369

Time (s): cpu = 00:00:45 ; elapsed = 00:00:40 . Memory (MB): peak = 1285.656 ; gain = 63.203

Phase 5.2 Clock Skew Optimization
Phase 5.2 Clock Skew Optimization | Checksum: 201127369

Time (s): cpu = 00:00:45 ; elapsed = 00:00:40 . Memory (MB): peak = 1285.656 ; gain = 63.203
Phase 5 Delay and Skew Optimization | Checksum: 201127369

Time (s): cpu = 00:00:45 ; elapsed = 00:00:40 . Memory (MB): peak = 1285.656 ; gain = 63.203

Phase 6 Post Hold Fix

Phase 6.1 Hold Fix Iter

Phase 6.1.1 Update Timing
Phase 6.1.1 Update Timing | Checksum: 21876f12f

Time (s): cpu = 00:00:45 ; elapsed = 00:00:40 . Memory (MB): peak = 1285.656 ; gain = 63.203
INFO: [Route 35-416] Intermediate Timing Summary | WNS=14.063 | TNS=0.000  | WHS=0.050  | THS=0.000  |

Phase 6.1 Hold Fix Iter | Checksum: 1427d5226

Time (s): cpu = 00:00:45 ; elapsed = 00:00:40 . Memory (MB): peak = 1285.656 ; gain = 63.203
Phase 6 Post Hold Fix | Checksum: 1427d5226

Time (s): cpu = 00:00:45 ; elapsed = 00:00:40 . Memory (MB): peak = 1285.656 ; gain = 63.203

Phase 7 Route finalize

Router Utilization Summary
  Global Vertical Routing Utilization    = 0.372748 %
  Global Horizontal Routing Utilization  = 0.466912 %
  Routable Net Status*
  *Does not include unroutable nets such as driverless and loadless.
  Run report_route_status for detailed report.
  Number of Failed Nets               = 0
  Number of Unrouted Nets             = 0
  Number of Partially Routed Nets     = 0
  Number of Node Overlaps             = 0

Phase 7 Route finalize | Checksum: 1ef5cb09e

Time (s): cpu = 00:00:45 ; elapsed = 00:00:40 . Memory (MB): peak = 1285.656 ; gain = 63.203

Phase 8 Verifying routed nets

 Verification completed successfully
Phase 8 Verifying routed nets | Checksum: 1ef5cb09e

Time (s): cpu = 00:00:45 ; elapsed = 00:00:40 . Memory (MB): peak = 1287.039 ; gain = 64.586

Phase 9 Depositing Routes
Phase 9 Depositing Routes | Checksum: 221ce22b5

Time (s): cpu = 00:00:46 ; elapsed = 00:00:41 . Memory (MB): peak = 1287.039 ; gain = 64.586

Phase 10 Post Router Timing
INFO: [Route 35-57] Estimated Timing Summary | WNS=14.063 | TNS=0.000  | WHS=0.050  | THS=0.000  |

INFO: [Route 35-327] The final timing numbers are based on the router estimated timing analysis. For a complete and accurate timing signoff, please run report_timing_summary.
Phase 10 Post Router Timing | Checksum: 221ce22b5

Time (s): cpu = 00:00:46 ; elapsed = 00:00:41 . Memory (MB): peak = 1287.039 ; gain = 64.586
INFO: [Route 35-16] Router Completed Successfully

Time (s): cpu = 00:00:46 ; elapsed = 00:00:41 . Memory (MB): peak = 1287.039 ; gain = 64.586

Routing Is Done.
INFO: [Common 17-83] Releasing license: Implementation
69 Infos, 0 Warnings, 0 Critical Warnings and 0 Errors encountered.
route_design completed successfully
route_design: Time (s): cpu = 00:00:54 ; elapsed = 00:00:46 . Memory (MB): peak = 1287.039 ; gain = 64.586
INFO: [Timing 38-480] Writing timing data to binary archive.
Writing placer database...
Writing XDEF routing.
Writing XDEF routing logical nets.
Writing XDEF routing special nets.
Write XDEF Complete: Time (s): cpu = 00:00:01 ; elapsed = 00:00:00.436 . Memory (MB): peak = 1293.191 ; gain = 6.152
INFO: [Common 17-1381] The checkpoint 'D:/github/Digital-Hardware-Modelling/xilinx-vivado/proj_pointer_basic_hls_ip_integ/proj_pointer_basic_hls_ip_integ.runs/impl_1/design_1_wrapper_routed.dcp' has been generated.
INFO: [runtcl-4] Executing : report_drc -file design_1_wrapper_drc_routed.rpt -pb design_1_wrapper_drc_routed.pb -rpx design_1_wrapper_drc_routed.rpx
Command: report_drc -file design_1_wrapper_drc_routed.rpt -pb design_1_wrapper_drc_routed.pb -rpx design_1_wrapper_drc_routed.rpx
INFO: [DRC 23-27] Running DRC with 2 threads
INFO: [Coretcl 2-168] The results of DRC are in file D:/github/Digital-Hardware-Modelling/xilinx-vivado/proj_pointer_basic_hls_ip_integ/proj_pointer_basic_hls_ip_integ.runs/impl_1/design_1_wrapper_drc_routed.rpt.
report_drc completed successfully
INFO: [runtcl-4] Executing : report_methodology -file design_1_wrapper_methodology_drc_routed.rpt -pb design_1_wrapper_methodology_drc_routed.pb -rpx design_1_wrapper_methodology_drc_routed.rpx
Command: report_methodology -file design_1_wrapper_methodology_drc_routed.rpt -pb design_1_wrapper_methodology_drc_routed.pb -rpx design_1_wrapper_methodology_drc_routed.rpx
INFO: [Timing 38-35] Done setting XDC timing constraints.
INFO: [Timing 38-35] Done setting XDC timing constraints.
INFO: [DRC 23-133] Running Methodology with 2 threads
INFO: [Coretcl 2-1520] The results of Report Methodology are in file D:/github/Digital-Hardware-Modelling/xilinx-vivado/proj_pointer_basic_hls_ip_integ/proj_pointer_basic_hls_ip_integ.runs/impl_1/design_1_wrapper_methodology_drc_routed.rpt.
report_methodology completed successfully
INFO: [runtcl-4] Executing : report_power -file design_1_wrapper_power_routed.rpt -pb design_1_wrapper_power_summary_routed.pb -rpx design_1_wrapper_power_routed.rpx
Command: report_power -file design_1_wrapper_power_routed.rpt -pb design_1_wrapper_power_summary_routed.pb -rpx design_1_wrapper_power_routed.rpx
INFO: [Timing 38-35] Done setting XDC timing constraints.
Running Vector-less Activity Propagation...

Finished Running Vector-less Activity Propagation
81 Infos, 0 Warnings, 0 Critical Warnings and 0 Errors encountered.
report_power completed successfully
INFO: [runtcl-4] Executing : report_route_status -file design_1_wrapper_route_status.rpt -pb design_1_wrapper_route_status.pb
INFO: [runtcl-4] Executing : report_timing_summary -max_paths 10 -file design_1_wrapper_timing_summary_routed.rpt -pb design_1_wrapper_timing_summary_routed.pb -rpx design_1_wrapper_timing_summary_routed.rpx -warn_on_violation 
INFO: [Timing 38-91] UpdateTimingParams: Speed grade: -1, Delay Type: min_max, Timing Stage: Requireds.
INFO: [Timing 38-191] Multithreading enabled for timing update using a maximum of 2 CPUs
INFO: [runtcl-4] Executing : report_incremental_reuse -file design_1_wrapper_incremental_reuse_routed.rpt
INFO: [Vivado_Tcl 4-545] No incremental reuse to report, no incremental placement and routing data was found.
INFO: [runtcl-4] Executing : report_clock_utilization -file design_1_wrapper_clock_utilization_routed.rpt
INFO: [runtcl-4] Executing : report_bus_skew -warn_on_violation -file design_1_wrapper_bus_skew_routed.rpt -pb design_1_wrapper_bus_skew_routed.pb -rpx design_1_wrapper_bus_skew_routed.rpx
INFO: [Timing 38-91] UpdateTimingParams: Speed grade: -1, Delay Type: min_max, Timing Stage: Requireds.
INFO: [Timing 38-191] Multithreading enabled for timing update using a maximum of 2 CPUs
Command: write_bitstream -force design_1_wrapper.bit
Attempting to get a license for feature 'Implementation' and/or device 'xc7z010'
INFO: [Common 17-349] Got license for feature 'Implementation' and/or device 'xc7z010'
Running DRC as a precondition to command write_bitstream
INFO: [DRC 23-27] Running DRC with 2 threads
INFO: [Vivado 12-3199] DRC finished with 0 Errors
INFO: [Vivado 12-3200] Please refer to the DRC report (report_drc) for more information.
INFO: [Designutils 20-2272] Running write_bitstream with 2 threads.
Loading data files...
Loading site data...
Loading route data...
Processing options...
Creating bitmap...
Creating bitstream...
Writing bitstream ./design_1_wrapper.bit...
INFO: [Vivado 12-1842] Bitgen Completed Successfully.
INFO: [Project 1-120] WebTalk data collection is mandatory when using a WebPACK part without a full Vivado license. To see the specific WebTalk data collected for your design, open the usage_statistics_webtalk.html or usage_statistics_webtalk.xml file in the implementation directory.
INFO: [Common 17-186] 'D:/github/Digital-Hardware-Modelling/xilinx-vivado/proj_pointer_basic_hls_ip_integ/proj_pointer_basic_hls_ip_integ.runs/impl_1/usage_statistics_webtalk.xml' has been successfully sent to Xilinx on Mon Sep 16 06:47:20 2019. For additional details about this file, please refer to the WebTalk help file at C:/Xilinx/Vivado/2018.2/doc/webtalk_introduction.html.
INFO: [Common 17-83] Releasing license: Implementation
100 Infos, 0 Warnings, 0 Critical Warnings and 0 Errors encountered.
write_bitstream completed successfully
write_bitstream: Time (s): cpu = 00:00:39 ; elapsed = 00:00:41 . Memory (MB): peak = 1701.680 ; gain = 382.801
INFO: [Common 17-206] Exiting Vivado at Mon Sep 16 06:47:22 2019...
