INFO: [VRFC 10-2263] Analyzing Verilog file "D:/github/Digital-Hardware-Modelling/xilinx-vivado/gcd/gcd.sim/sim_1/synth/func/xsim/gcd_block_design_wrapper_func_synth.v" into library xil_defaultlib
INFO: [VRFC 10-311] analyzing module gcd_block_design
INFO: [VRFC 10-311] analyzing module gcd_block_design_auto_pc_1
INFO: [VRFC 10-311] analyzing module gcd_block_design_auto_pc_1_axi_protocol_converter_v2_1_17_axi_protocol_converter
INFO: [VRFC 10-311] analyzing module gcd_block_design_auto_pc_1_axi_protocol_converter_v2_1_17_b2s
INFO: [VRFC 10-311] analyzing module gcd_block_design_auto_pc_1_axi_protocol_converter_v2_1_17_b2s_ar_channel
INFO: [VRFC 10-311] analyzing module gcd_block_design_auto_pc_1_axi_protocol_converter_v2_1_17_b2s_aw_channel
INFO: [VRFC 10-311] analyzing module gcd_block_design_auto_pc_1_axi_protocol_converter_v2_1_17_b2s_b_channel
INFO: [VRFC 10-311] analyzing module gcd_block_design_auto_pc_1_axi_protocol_converter_v2_1_17_b2s_cmd_translator
INFO: [VRFC 10-311] analyzing module gcd_block_design_auto_pc_1_axi_protocol_converter_v2_1_17_b2s_cmd_translator_1
INFO: [VRFC 10-311] analyzing module gcd_block_design_auto_pc_1_axi_protocol_converter_v2_1_17_b2s_incr_cmd
INFO: [VRFC 10-311] analyzing module gcd_block_design_auto_pc_1_axi_protocol_converter_v2_1_17_b2s_incr_cmd_2
INFO: [VRFC 10-311] analyzing module gcd_block_design_auto_pc_1_axi_protocol_converter_v2_1_17_b2s_r_channel
INFO: [VRFC 10-311] analyzing module gcd_block_design_auto_pc_1_axi_protocol_converter_v2_1_17_b2s_rd_cmd_fsm
INFO: [VRFC 10-311] analyzing module gcd_block_design_auto_pc_1_axi_protocol_converter_v2_1_17_b2s_simple_fifo
INFO: [VRFC 10-311] analyzing module gcd_block_design_auto_pc_1_axi_protocol_converter_v2_1_17_b2s_simple_fifo__parameterized0
INFO: [VRFC 10-311] analyzing module gcd_block_design_auto_pc_1_axi_protocol_converter_v2_1_17_b2s_simple_fifo__parameterized1
INFO: [VRFC 10-311] analyzing module gcd_block_design_auto_pc_1_axi_protocol_converter_v2_1_17_b2s_simple_fifo__parameterized2
INFO: [VRFC 10-311] analyzing module gcd_block_design_auto_pc_1_axi_protocol_converter_v2_1_17_b2s_wr_cmd_fsm
INFO: [VRFC 10-311] analyzing module gcd_block_design_auto_pc_1_axi_protocol_converter_v2_1_17_b2s_wrap_cmd
INFO: [VRFC 10-311] analyzing module gcd_block_design_auto_pc_1_axi_protocol_converter_v2_1_17_b2s_wrap_cmd_3
INFO: [VRFC 10-311] analyzing module gcd_block_design_auto_pc_1_axi_register_slice_v2_1_17_axi_register_slice
INFO: [VRFC 10-311] analyzing module gcd_block_design_auto_pc_1_axi_register_slice_v2_1_17_axic_register_slice
INFO: [VRFC 10-311] analyzing module gcd_block_design_auto_pc_1_axi_register_slice_v2_1_17_axic_register_slice_0
INFO: [VRFC 10-311] analyzing module gcd_block_design_auto_pc_1_axi_register_slice_v2_1_17_axic_register_slice__parameterized1
INFO: [VRFC 10-311] analyzing module gcd_block_design_auto_pc_1_axi_register_slice_v2_1_17_axic_register_slice__parameterized2
INFO: [VRFC 10-311] analyzing module gcd_block_design_gcd_0_1
INFO: [VRFC 10-311] analyzing module gcd_block_design_gcd_0_1_gcd
INFO: [VRFC 10-311] analyzing module gcd_block_design_gcd_0_1_gcd_gcd_bus_s_axi
INFO: [VRFC 10-311] analyzing module gcd_block_design_processing_system7_0_2
INFO: [VRFC 10-311] analyzing module gcd_block_design_processing_system7_0_2_processing_system7_v5_5_processing_system7
INFO: [VRFC 10-311] analyzing module gcd_block_design_ps7_0_axi_periph_1
INFO: [VRFC 10-311] analyzing module gcd_block_design_rst_ps7_0_100M_0
INFO: [VRFC 10-311] analyzing module gcd_block_design_rst_ps7_0_100M_0_cdc_sync
INFO: [VRFC 10-311] analyzing module gcd_block_design_rst_ps7_0_100M_0_cdc_sync_0
INFO: [VRFC 10-311] analyzing module gcd_block_design_rst_ps7_0_100M_0_lpf
INFO: [VRFC 10-311] analyzing module gcd_block_design_rst_ps7_0_100M_0_proc_sys_reset
INFO: [VRFC 10-311] analyzing module gcd_block_design_rst_ps7_0_100M_0_sequence_psr
INFO: [VRFC 10-311] analyzing module gcd_block_design_rst_ps7_0_100M_0_upcnt_n
INFO: [VRFC 10-311] analyzing module gcd_block_design_wrapper
INFO: [VRFC 10-311] analyzing module s00_couplers_imp_14J992X
INFO: [VRFC 10-311] analyzing module glbl
