#-----------------------------------------------------------
# Webtalk v2018.2 (64-bit)
# SW Build 2258646 on Thu Jun 14 20:03:12 MDT 2018
# 
# Start of session at: Tue Sep 17 22:43:40 2019
# Process ID: 18924
# Current directory: D:/github/Digital-Hardware-Modelling/xilinx-sdk/2018.2/webtalk
# Command line: wbtcv.exe -mode batch -source sdk_webtalk.tcl
# Log file: D:/github/Digital-Hardware-Modelling/xilinx-sdk/2018.2/webtalk/webtalk.log
# Journal file: D:/github/Digital-Hardware-Modelling/xilinx-sdk/2018.2/webtalk\webtalk.jou
#-----------------------------------------------------------
source sdk_webtalk.tcl
# webtalk_init -webtalk_dir D:\\github\\Digital-Hardware-Modelling\\xilinx-sdk\\2018.2\\webtalk
# webtalk_register_client -client project
# webtalk_add_data -client project -key date_generated -value "2019-09-17 22:43:31" -context "software_version_and_target_device"
# webtalk_add_data -client project -key product_version -value "SDK v2018.2" -context "software_version_and_target_device"
# webtalk_add_data -client project -key build_version -value "2018.2" -context "software_version_and_target_device"
# webtalk_add_data -client project -key os_platform -value "amd64" -context "software_version_and_target_device"
# webtalk_add_data -client project -key registration_id -value "211512942_1777533573_210679690_827" -context "software_version_and_target_device"
# webtalk_add_data -client project -key tool_flow -value "SDK" -context "software_version_and_target_device"
# webtalk_add_data -client project -key beta -value "false" -context "software_version_and_target_device"
# webtalk_add_data -client project -key route_design -value "NA" -context "software_version_and_target_device"
# webtalk_add_data -client project -key target_family -value "NA" -context "software_version_and_target_device"
# webtalk_add_data -client project -key target_device -value "NA" -context "software_version_and_target_device"
# webtalk_add_data -client project -key target_package -value "NA" -context "software_version_and_target_device"
# webtalk_add_data -client project -key target_speed -value "NA" -context "software_version_and_target_device"
# webtalk_add_data -client project -key random_id -value "4ef0lc6798e2u9k89a345469ts" -context "software_version_and_target_device"
# webtalk_add_data -client project -key project_id -value "2018.2_3" -context "software_version_and_target_device"
# webtalk_add_data -client project -key project_iteration -value "3" -context "software_version_and_target_device"
# webtalk_add_data -client project -key os_name -value "Microsoft Windows 7 , 64-bit" -context "user_environment"
# webtalk_add_data -client project -key os_release -value "Service Pack 1  (build 7601)" -context "user_environment"
# webtalk_add_data -client project -key cpu_name -value "Intel(R) Core(TM) i7-6700HQ CPU @ 2.60GHz" -context "user_environment"
# webtalk_add_data -client project -key cpu_speed -value "2592 MHz" -context "user_environment"
# webtalk_add_data -client project -key total_processors -value "1" -context "user_environment"
# webtalk_add_data -client project -key system_ram -value "16.999 GB" -context "user_environment"
# webtalk_register_client -client sdk
# webtalk_add_data -client sdk -key uid -value "1568777791237" -context "sdk\\\\application/1568777791237"
# webtalk_add_data -client sdk -key os -value "linux" -context "sdk\\\\application/1568777791237"
# webtalk_add_data -client sdk -key apptemplate -value "linux_hello_world" -context "sdk\\\\application/1568777791237"
# webtalk_add_data -client sdk -key RecordType -value "APPCreation" -context "sdk\\\\application/1568777791237"
# webtalk_add_data -client sdk -key LangUsed -value "C" -context "sdk\\\\application/1568777791237"
# webtalk_add_data -client sdk -key Procused -value "" -context "sdk\\\\application/1568777791237"
# webtalk_add_data -client sdk -key projSize -value "36.73828125" -context "sdk\\\\application/1568777791237"
# webtalk_add_data -client sdk -key uid -value "NA" -context "sdk\\\\bsp/1568778211482"
# webtalk_add_data -client sdk -key RecordType -value "ToolUsage" -context "sdk\\\\bsp/1568778211482"
# webtalk_add_data -client sdk -key BootgenCount -value "0" -context "sdk\\\\bsp/1568778211482"
# webtalk_add_data -client sdk -key DebugCount -value "0" -context "sdk\\\\bsp/1568778211482"
# webtalk_add_data -client sdk -key PerfCount -value "0" -context "sdk\\\\bsp/1568778211482"
# webtalk_add_data -client sdk -key FlashCount -value "0" -context "sdk\\\\bsp/1568778211482"
# webtalk_add_data -client sdk -key CrossTriggCount -value "0" -context "sdk\\\\bsp/1568778211482"
# webtalk_add_data -client sdk -key QemuDebugCount -value "0" -context "sdk\\\\bsp/1568778211482"
# webtalk_transmit -clientid 2443041405 -regid "211512942_1777533573_210679690_827" -xml D:\\github\\Digital-Hardware-Modelling\\xilinx-sdk\\2018.2\\webtalk\\usage_statistics_ext_sdk.xml -html D:\\github\\Digital-Hardware-Modelling\\xilinx-sdk\\2018.2\\webtalk\\usage_statistics_ext_sdk.html -wdm D:\\github\\Digital-Hardware-Modelling\\xilinx-sdk\\2018.2\\webtalk\\sdk_webtalk.wdm -intro "<H3>SDK Usage Report</H3><BR>"
INFO: [Common 17-186] 'D:\github\Digital-Hardware-Modelling\xilinx-sdk\2018.2\webtalk\usage_statistics_ext_sdk.xml' has been successfully sent to Xilinx on Tue Sep 17 22:43:48 2019. For additional details about this file, please refer to the WebTalk help file at C:/Xilinx/SDK/2018.2/doc/webtalk_introduction.html.
webtalk_transmit: Time (s): cpu = 00:00:00 ; elapsed = 00:00:07 . Memory (MB): peak = 57.258 ; gain = 0.688
# webtalk_terminate
INFO: [Common 17-206] Exiting Webtalk at Tue Sep 17 22:43:48 2019...
