#-----------------------------------------------------------
# Webtalk v2018.2 (64-bit)
# SW Build 2258646 on Thu Jun 14 20:03:12 MDT 2018
# 
# Start of session at: Tue Sep 17 18:36:17 2019
# Process ID: 17120
# Current directory: D:/github/Digital-Hardware-Modelling/xilinx-vivado/proj_pointer_basic_hls_ip_integ/proj_pointer_basic_hls_ip_integ.sdk/webtalk
# Command line: wbtcv.exe -mode batch -source sdk_webtalk.tcl
# Log file: D:/github/Digital-Hardware-Modelling/xilinx-vivado/proj_pointer_basic_hls_ip_integ/proj_pointer_basic_hls_ip_integ.sdk/webtalk/webtalk.log
# Journal file: D:/github/Digital-Hardware-Modelling/xilinx-vivado/proj_pointer_basic_hls_ip_integ/proj_pointer_basic_hls_ip_integ.sdk/webtalk\webtalk.jou
#-----------------------------------------------------------
source sdk_webtalk.tcl
# webtalk_init -webtalk_dir D:\\github\\Digital-Hardware-Modelling\\xilinx-vivado\\proj_pointer_basic_hls_ip_integ\\proj_pointer_basic_hls_ip_integ.sdk\\webtalk
# webtalk_register_client -client project
# webtalk_add_data -client project -key date_generated -value "2019-09-17 18:36:08" -context "software_version_and_target_device"
# webtalk_add_data -client project -key product_version -value "SDK v2018.2" -context "software_version_and_target_device"
# webtalk_add_data -client project -key build_version -value "2018.2" -context "software_version_and_target_device"
# webtalk_add_data -client project -key os_platform -value "amd64" -context "software_version_and_target_device"
# webtalk_add_data -client project -key registration_id -value "211512942_1777533573_210679690_827" -context "software_version_and_target_device"
# webtalk_add_data -client project -key tool_flow -value "SDK" -context "software_version_and_target_device"
# webtalk_add_data -client project -key beta -value "false" -context "software_version_and_target_device"
# webtalk_add_data -client project -key route_design -value "NA" -context "software_version_and_target_device"
# webtalk_add_data -client project -key target_family -value "NA" -context "software_version_and_target_device"
# webtalk_add_data -client project -key target_device -value "NA" -context "software_version_and_target_device"
# webtalk_add_data -client project -key target_package -value "NA" -context "software_version_and_target_device"
# webtalk_add_data -client project -key target_speed -value "NA" -context "software_version_and_target_device"
# webtalk_add_data -client project -key random_id -value "pj5gk0241793cqcps3dvai79s6" -context "software_version_and_target_device"
# webtalk_add_data -client project -key project_id -value "2018.2_1" -context "software_version_and_target_device"
# webtalk_add_data -client project -key project_iteration -value "1" -context "software_version_and_target_device"
# webtalk_add_data -client project -key os_name -value "Microsoft Windows 7 , 64-bit" -context "user_environment"
# webtalk_add_data -client project -key os_release -value "Service Pack 1  (build 7601)" -context "user_environment"
# webtalk_add_data -client project -key cpu_name -value "Intel(R) Core(TM) i7-6700HQ CPU @ 2.60GHz" -context "user_environment"
# webtalk_add_data -client project -key cpu_speed -value "2592 MHz" -context "user_environment"
# webtalk_add_data -client project -key total_processors -value "1" -context "user_environment"
# webtalk_add_data -client project -key system_ram -value "16.999 GB" -context "user_environment"
# webtalk_register_client -client sdk
# webtalk_add_data -client sdk -key uid -value "1568634858253" -context "sdk\\\\hardware/1568634858253"
# webtalk_add_data -client sdk -key isZynq -value "true" -context "sdk\\\\hardware/1568634858253"
# webtalk_add_data -client sdk -key isZynqMP -value "false" -context "sdk\\\\hardware/1568634858253"
# webtalk_add_data -client sdk -key Processors -value "2" -context "sdk\\\\hardware/1568634858253"
# webtalk_add_data -client sdk -key VivadoVersion -value "2018.2" -context "sdk\\\\hardware/1568634858253"
# webtalk_add_data -client sdk -key Arch -value "zynq" -context "sdk\\\\hardware/1568634858253"
# webtalk_add_data -client sdk -key Device -value "7z010" -context "sdk\\\\hardware/1568634858253"
# webtalk_add_data -client sdk -key IsHandoff -value "true" -context "sdk\\\\hardware/1568634858253"
# webtalk_add_data -client sdk -key os -value "NA" -context "sdk\\\\hardware/1568634858253"
# webtalk_add_data -client sdk -key apptemplate -value "NA" -context "sdk\\\\hardware/1568634858253"
# webtalk_add_data -client sdk -key RecordType -value "HWCreation" -context "sdk\\\\hardware/1568634858253"
# webtalk_add_data -client sdk -key uid -value "1568634901487" -context "sdk\\\\bsp/1568634901487"
# webtalk_add_data -client sdk -key hwid -value "1568634858253" -context "sdk\\\\bsp/1568634901487"
# webtalk_add_data -client sdk -key os -value "standalone" -context "sdk\\\\bsp/1568634901487"
# webtalk_add_data -client sdk -key apptemplate -value "null" -context "sdk\\\\bsp/1568634901487"
# webtalk_add_data -client sdk -key RecordType -value "BSPCreation" -context "sdk\\\\bsp/1568634901487"
# webtalk_add_data -client sdk -key uid -value "1568635044647" -context "sdk\\\\application/1568635044647"
# webtalk_add_data -client sdk -key hwid -value "1568634858253" -context "sdk\\\\application/1568635044647"
# webtalk_add_data -client sdk -key bspid -value "1568634901487" -context "sdk\\\\application/1568635044647"
# webtalk_add_data -client sdk -key newbsp -value "false" -context "sdk\\\\application/1568635044647"
# webtalk_add_data -client sdk -key os -value "standalone" -context "sdk\\\\application/1568635044647"
# webtalk_add_data -client sdk -key apptemplate -value "empty_application" -context "sdk\\\\application/1568635044647"
# webtalk_add_data -client sdk -key RecordType -value "APPCreation" -context "sdk\\\\application/1568635044647"
# webtalk_add_data -client sdk -key LangUsed -value "C" -context "sdk\\\\application/1568635044647"
# webtalk_add_data -client sdk -key Procused -value "ps7_cortexa9" -context "sdk\\\\application/1568635044647"
# webtalk_add_data -client sdk -key uid -value "1568681492414" -context "sdk\\\\application/1568681492414"
# webtalk_add_data -client sdk -key hwid -value "1568634858253" -context "sdk\\\\application/1568681492414"
# webtalk_add_data -client sdk -key bspid -value "1568634901487" -context "sdk\\\\application/1568681492414"
# webtalk_add_data -client sdk -key newbsp -value "false" -context "sdk\\\\application/1568681492414"
# webtalk_add_data -client sdk -key os -value "standalone" -context "sdk\\\\application/1568681492414"
# webtalk_add_data -client sdk -key apptemplate -value "hello_world" -context "sdk\\\\application/1568681492414"
# webtalk_add_data -client sdk -key RecordType -value "APPCreation" -context "sdk\\\\application/1568681492414"
# webtalk_add_data -client sdk -key LangUsed -value "C" -context "sdk\\\\application/1568681492414"
# webtalk_add_data -client sdk -key Procused -value "ps7_cortexa9" -context "sdk\\\\application/1568681492414"
# webtalk_add_data -client sdk -key projSize -value "285.46484375" -context "sdk\\\\application/1568681492414"
# webtalk_add_data -client sdk -key uid -value "NA" -context "sdk\\\\bsp/1568763368083"
# webtalk_add_data -client sdk -key RecordType -value "ToolUsage" -context "sdk\\\\bsp/1568763368083"
# webtalk_add_data -client sdk -key BootgenCount -value "0" -context "sdk\\\\bsp/1568763368083"
# webtalk_add_data -client sdk -key DebugCount -value "1" -context "sdk\\\\bsp/1568763368083"
# webtalk_add_data -client sdk -key PerfCount -value "1" -context "sdk\\\\bsp/1568763368083"
# webtalk_add_data -client sdk -key FlashCount -value "0" -context "sdk\\\\bsp/1568763368083"
# webtalk_add_data -client sdk -key CrossTriggCount -value "0" -context "sdk\\\\bsp/1568763368083"
# webtalk_add_data -client sdk -key QemuDebugCount -value "0" -context "sdk\\\\bsp/1568763368083"
# webtalk_transmit -clientid 13713030 -regid "211512942_1777533573_210679690_827" -xml D:\\github\\Digital-Hardware-Modelling\\xilinx-vivado\\proj_pointer_basic_hls_ip_integ\\proj_pointer_basic_hls_ip_integ.sdk\\webtalk\\usage_statistics_ext_sdk.xml -html D:\\github\\Digital-Hardware-Modelling\\xilinx-vivado\\proj_pointer_basic_hls_ip_integ\\proj_pointer_basic_hls_ip_integ.sdk\\webtalk\\usage_statistics_ext_sdk.html -wdm D:\\github\\Digital-Hardware-Modelling\\xilinx-vivado\\proj_pointer_basic_hls_ip_integ\\proj_pointer_basic_hls_ip_integ.sdk\\webtalk\\sdk_webtalk.wdm -intro "<H3>SDK Usage Report</H3><BR>"
INFO: [Common 17-186] 'D:\github\Digital-Hardware-Modelling\xilinx-vivado\proj_pointer_basic_hls_ip_integ\proj_pointer_basic_hls_ip_integ.sdk\webtalk\usage_statistics_ext_sdk.xml' has been successfully sent to Xilinx on Tue Sep 17 18:36:31 2019. For additional details about this file, please refer to the WebTalk help file at C:/Xilinx/SDK/2018.2/doc/webtalk_introduction.html.
webtalk_transmit: Time (s): cpu = 00:00:00 ; elapsed = 00:00:09 . Memory (MB): peak = 57.242 ; gain = 0.699
# webtalk_terminate
INFO: [Common 17-206] Exiting Webtalk at Tue Sep 17 18:36:31 2019...
