02:49:43 INFO  : Registering command handlers for SDK TCF services
02:49:43 INFO  : Launching XSCT server: xsct.bat -interactive D:\github\Digital-Hardware-Modelling\xilinx-sdx\temp_xsdb_launch_script.tcl
02:49:44 INFO  : Validating SDSoC License...
02:49:44 INFO  : License for SDSoC is unavailable
02:49:44 INFO  : Validating SDAccel License...
02:49:46 INFO  : XSCT server has started successfully.
02:49:47 INFO  : plnx-install-location is set to ''
02:49:47 INFO  : Successfully done setting XSCT server connection channel  
02:49:47 INFO  : Successfully done setting SDK workspace  
02:49:50 INFO  : License for SDAccel is unavailable
20:39:10 INFO  : Registering command handlers for SDK TCF services
20:39:10 INFO  : Launching XSCT server: xsct.bat -interactive D:\github\Digital-Hardware-Modelling\xilinx-sdx\temp_xsdb_launch_script.tcl
20:39:10 INFO  : Validating SDSoC License...
20:39:10 INFO  : License for SDSoC is unavailable
20:39:10 INFO  : Validating SDAccel License...
20:39:13 INFO  : XSCT server has started successfully.
20:39:15 INFO  : plnx-install-location is set to ''
20:39:15 INFO  : Successfully done setting XSCT server connection channel  
20:39:15 INFO  : Successfully done setting SDK workspace  
20:39:17 INFO  : License for SDAccel is unavailable
21:55:18 INFO  : Registering command handlers for SDK TCF services
21:55:18 INFO  : Launching XSCT server: xsct.bat -interactive D:\github\Digital-Hardware-Modelling\xilinx-sdx\temp_xsdb_launch_script.tcl
21:55:18 INFO  : Validating SDSoC License...
21:55:18 INFO  : License available for SDSoC
21:55:18 INFO  : Validating SDAccel License...
21:55:21 INFO  : XSCT server has started successfully.
21:55:21 INFO  : Successfully done setting XSCT server connection channel  
21:55:23 INFO  : plnx-install-location is set to ''
21:55:23 INFO  : Successfully done setting SDK workspace  
21:55:24 INFO  : License for SDAccel is unavailable
